;  LST file generated by mikroListExporter - v.2.0 
; Date/Time: 23/04/2022 17:00:27
;----------------------------------------------

;Address Opcode 	ASM
0x0000	0x2ABF      	GOTO       703
_interrupt:
0x0004	0x00FF      	MOVWF      R15
0x0005	0x0E03      	SWAPF      STATUS, 0
0x0006	0x0183      	CLRF       STATUS
0x0007	0x1683      	BSF        STATUS, 5
0x0008	0x00DC      	MOVWF      ___saveSTATUS
0x0009	0x080A      	MOVF       PCLATH, 0
0x000A	0x00DD      	MOVWF      ___savePCLATH
0x000B	0x018A      	CLRF       PCLATH
;projet.c,112 :: 		void interrupt() {
;projet.c,113 :: 		if(INTCON.INTF==1){//Pluie =1
0x000C	0x1C8B      	BTFSS      INTCON, 1
0x000D	0x2818      	GOTO       L_interrupt17
;projet.c,114 :: 		if(PORTB.RB0==1){
0x000E	0x1283      	BCF        STATUS, 5
0x000F	0x1C06      	BTFSS      PORTB, 0
0x0010	0x2816      	GOTO       L_interrupt18
;projet.c,115 :: 		PORTD.RD5 = 0;
0x0011	0x1288      	BCF        PORTD, 5
;projet.c,116 :: 		pluie=1;
0x0012	0x3001      	MOVLW      1
0x0013	0x00E8      	MOVWF      _pluie
0x0014	0x3000      	MOVLW      0
0x0015	0x00E9      	MOVWF      _pluie+1
;projet.c,117 :: 		}
L_interrupt18:
;projet.c,118 :: 		INTCON.INTF=0;   //Fin Pluie
0x0016	0x108B      	BCF        INTCON, 1
;projet.c,119 :: 		}else if(INTCON.RBIF==1){
0x0017	0x282A      	GOTO       L_interrupt19
L_interrupt17:
0x0018	0x1C0B      	BTFSS      INTCON, 0
0x0019	0x282A      	GOTO       L_interrupt20
;projet.c,120 :: 		if(PORTB.RB4==1)
0x001A	0x1283      	BCF        STATUS, 5
0x001B	0x1E06      	BTFSS      PORTB, 4
0x001C	0x2822      	GOTO       L_interrupt21
;projet.c,122 :: 		PORTD.RD5=1; //Arrosage
0x001D	0x1688      	BSF        PORTD, 5
;projet.c,123 :: 		activer=1;
0x001E	0x3001      	MOVLW      1
0x001F	0x00EE      	MOVWF      _activer
0x0020	0x3000      	MOVLW      0
0x0021	0x00EF      	MOVWF      _activer+1
;projet.c,124 :: 		}
L_interrupt21:
;projet.c,125 :: 		if(PORTB.RB4==0)
0x0022	0x1A06      	BTFSC      PORTB, 4
0x0023	0x2829      	GOTO       L_interrupt22
;projet.c,127 :: 		PORTD.RD5=0; //Arrosage
0x0024	0x1288      	BCF        PORTD, 5
;projet.c,128 :: 		desactiver=1;
0x0025	0x3001      	MOVLW      1
0x0026	0x00EA      	MOVWF      _desactiver
0x0027	0x3000      	MOVLW      0
0x0028	0x00EB      	MOVWF      _desactiver+1
;projet.c,129 :: 		}
L_interrupt22:
;projet.c,130 :: 		INTCON.RBIF=0;
0x0029	0x100B      	BCF        INTCON, 0
;projet.c,131 :: 		}
L_interrupt20:
L_interrupt19:
;projet.c,132 :: 		}
L_end_interrupt:
L__interrupt29:
0x002A	0x1683      	BSF        STATUS, 5
0x002B	0x085D      	MOVF       ___savePCLATH, 0
0x002C	0x008A      	MOVWF      PCLATH
0x002D	0x0E5C      	SWAPF      ___saveSTATUS, 0
0x002E	0x0083      	MOVWF      STATUS
0x002F	0x0EFF      	SWAPF      R15, 1
0x0030	0x0E7F      	SWAPF      R15, 0
0x0031	0x0009      	RETFIE
; end of _interrupt
_Delay_1us:
;__Lib_Delays.c,7 :: 		void Delay_1us() {
;__Lib_Delays.c,8 :: 		Delay_us(1);
0x0032	0x0000      	NOP
0x0033	0x0000      	NOP
0x0034	0x0000      	NOP
0x0035	0x0000      	NOP
0x0036	0x0000      	NOP
;__Lib_Delays.c,9 :: 		}
L_end_Delay_1us:
0x0037	0x0008      	RETURN
; end of _Delay_1us
_Delay_5500us:
;__Lib_Delays.c,31 :: 		void Delay_5500us() {
;__Lib_Delays.c,32 :: 		Delay_us(5500);
0x0038	0x3024      	MOVLW      36
0x0039	0x1283      	BCF        STATUS, 5
0x003A	0x1303      	BCF        STATUS, 6
0x003B	0x00FC      	MOVWF      R12
0x003C	0x30B5      	MOVLW      181
0x003D	0x00FD      	MOVWF      R13
L_Delay_5500us5:
0x003E	0x0BFD      	DECFSZ     R13, 1
0x003F	0x283E      	GOTO       L_Delay_5500us5
0x0040	0x0BFC      	DECFSZ     R12, 1
0x0041	0x283E      	GOTO       L_Delay_5500us5
0x0042	0x0000      	NOP
0x0043	0x0000      	NOP
;__Lib_Delays.c,33 :: 		}
L_end_Delay_5500us:
0x0044	0x0008      	RETURN
; end of _Delay_5500us
_Delay_50us:
;__Lib_Delays.c,19 :: 		void Delay_50us() {
;__Lib_Delays.c,20 :: 		Delay_us(50);
0x0045	0x3053      	MOVLW      83
0x0046	0x1283      	BCF        STATUS, 5
0x0047	0x1303      	BCF        STATUS, 6
0x0048	0x00FD      	MOVWF      R13
L_Delay_50us2:
0x0049	0x0BFD      	DECFSZ     R13, 1
0x004A	0x2849      	GOTO       L_Delay_50us2
;__Lib_Delays.c,21 :: 		}
L_end_Delay_50us:
0x004B	0x0008      	RETURN
; end of _Delay_50us
_FIXSIGN32:
;__Lib_MathDouble.c,112 :: 		
;__Lib_MathDouble.c,116 :: 		
0x004C	0x1FFA      	BTFSS      R10, 7
;__Lib_MathDouble.c,117 :: 		
0x004D	0x13F2      	BCF        R2, 7
;__Lib_MathDouble.c,118 :: 		
0x004E	0x3000      	MOVLW      0
;__Lib_MathDouble.c,120 :: 		
L_end_FIXSIGN32:
0x004F	0x0008      	RETURN
; end of _FIXSIGN32
_SETFUN32:
;__Lib_MathDouble.c,138 :: 		
;__Lib_MathDouble.c,145 :: 		
0x0050	0x157B      	BSF        R11, 2
;__Lib_MathDouble.c,146 :: 		
0x0051	0x1FFB      	BTFSS      R11, 7
;__Lib_MathDouble.c,147 :: 		
0x0052	0x285A      	GOTO       SETFUN32EEE
;__Lib_MathDouble.c,148 :: 		
0x0053	0x3001      	MOVLW      1
;__Lib_MathDouble.c,149 :: 		
0x0054	0x00F3      	MOVWF      R3
;__Lib_MathDouble.c,150 :: 		
0x0055	0x01F2      	CLRF       R2
;__Lib_MathDouble.c,151 :: 		
0x0056	0x01F1      	CLRF       R1
;__Lib_MathDouble.c,152 :: 		
0x0057	0x01F0      	CLRF       R0
;__Lib_MathDouble.c,153 :: 		
0x0058	0x0DFA      	RLF        R10, 1
;__Lib_MathDouble.c,154 :: 		
0x0059	0x0CF2      	RRF        R2, 1
;__Lib_MathDouble.c,155 :: 		
SETFUN32EEE:
;__Lib_MathDouble.c,156 :: 		
0x005A	0x30FF      	MOVLW      255
;__Lib_MathDouble.c,158 :: 		
L_end_SETFUN32:
0x005B	0x0008      	RETURN
; end of _SETFUN32
_RES032:
;__Lib_MathDouble.c,123 :: 		
;__Lib_MathDouble.c,128 :: 		
0x005C	0x01F2      	CLRF       R2
;__Lib_MathDouble.c,129 :: 		
0x005D	0x01F1      	CLRF       R1
;__Lib_MathDouble.c,130 :: 		
0x005E	0x01F0      	CLRF       R0
;__Lib_MathDouble.c,131 :: 		
0x005F	0x01F8      	CLRF       R8
;__Lib_MathDouble.c,132 :: 		
0x0060	0x01F3      	CLRF       R3
;__Lib_MathDouble.c,133 :: 		
0x0061	0x3000      	MOVLW      0
;__Lib_MathDouble.c,135 :: 		
L_end_RES032:
0x0062	0x0008      	RETURN
; end of _RES032
_Lcd_Cmd:
;__Lib_Lcd.c,18 :: 		
;__Lib_Lcd.c,20 :: 		
0x0063	0x1683      	BSF        STATUS, 5
0x0064	0x1303      	BCF        STATUS, 6
0x0065	0x1BE3      	BTFSC      FARG_Lcd_Cmd_out_char, 7
0x0066	0x286A      	GOTO       L__Lcd_Cmd21
0x0067	0x1283      	BCF        STATUS, 5
0x0068	0x1387      	BCF        LCD_D7, BitPos(LCD_D7+0)
0x0069	0x286C      	GOTO       L__Lcd_Cmd22
L__Lcd_Cmd21:
0x006A	0x1283      	BCF        STATUS, 5
0x006B	0x1787      	BSF        LCD_D7, BitPos(LCD_D7+0)
L__Lcd_Cmd22:
;__Lib_Lcd.c,21 :: 		
0x006C	0x1683      	BSF        STATUS, 5
0x006D	0x1B63      	BTFSC      FARG_Lcd_Cmd_out_char, 6
0x006E	0x2872      	GOTO       L__Lcd_Cmd23
0x006F	0x1283      	BCF        STATUS, 5
0x0070	0x1307      	BCF        LCD_D6, BitPos(LCD_D6+0)
0x0071	0x2874      	GOTO       L__Lcd_Cmd24
L__Lcd_Cmd23:
0x0072	0x1283      	BCF        STATUS, 5
0x0073	0x1707      	BSF        LCD_D6, BitPos(LCD_D6+0)
L__Lcd_Cmd24:
;__Lib_Lcd.c,22 :: 		
0x0074	0x1683      	BSF        STATUS, 5
0x0075	0x1AE3      	BTFSC      FARG_Lcd_Cmd_out_char, 5
0x0076	0x287A      	GOTO       L__Lcd_Cmd25
0x0077	0x1283      	BCF        STATUS, 5
0x0078	0x1287      	BCF        LCD_D5, BitPos(LCD_D5+0)
0x0079	0x287C      	GOTO       L__Lcd_Cmd26
L__Lcd_Cmd25:
0x007A	0x1283      	BCF        STATUS, 5
0x007B	0x1687      	BSF        LCD_D5, BitPos(LCD_D5+0)
L__Lcd_Cmd26:
;__Lib_Lcd.c,23 :: 		
0x007C	0x1683      	BSF        STATUS, 5
0x007D	0x1A63      	BTFSC      FARG_Lcd_Cmd_out_char, 4
0x007E	0x2882      	GOTO       L__Lcd_Cmd27
0x007F	0x1283      	BCF        STATUS, 5
0x0080	0x1207      	BCF        LCD_D4, BitPos(LCD_D4+0)
0x0081	0x2884      	GOTO       L__Lcd_Cmd28
L__Lcd_Cmd27:
0x0082	0x1283      	BCF        STATUS, 5
0x0083	0x1607      	BSF        LCD_D4, BitPos(LCD_D4+0)
L__Lcd_Cmd28:
;__Lib_Lcd.c,25 :: 		
0x0084	0x1683      	BSF        STATUS, 5
0x0085	0x1854      	BTFSC      __Lib_Lcd_cmd_status, BitPos(__Lib_Lcd_cmd_status+0)
0x0086	0x288A      	GOTO       L__Lcd_Cmd29
0x0087	0x1283      	BCF        STATUS, 5
0x0088	0x1507      	BSF        LCD_RS, BitPos(LCD_RS+0)
0x0089	0x288C      	GOTO       L__Lcd_Cmd30
L__Lcd_Cmd29:
0x008A	0x1283      	BCF        STATUS, 5
0x008B	0x1107      	BCF        LCD_RS, BitPos(LCD_RS+0)
L__Lcd_Cmd30:
;__Lib_Lcd.c,28 :: 		
0x008C	0x1587      	BSF        LCD_EN, BitPos(LCD_EN+0)
;__Lib_Lcd.c,29 :: 		
0x008D	0x2032      	CALL       _Delay_1us
;__Lib_Lcd.c,30 :: 		
0x008E	0x1187      	BCF        LCD_EN, BitPos(LCD_EN+0)
;__Lib_Lcd.c,33 :: 		
0x008F	0x1683      	BSF        STATUS, 5
0x0090	0x19E3      	BTFSC      FARG_Lcd_Cmd_out_char, 3
0x0091	0x2895      	GOTO       L__Lcd_Cmd31
0x0092	0x1283      	BCF        STATUS, 5
0x0093	0x1387      	BCF        LCD_D7, BitPos(LCD_D7+0)
0x0094	0x2897      	GOTO       L__Lcd_Cmd32
L__Lcd_Cmd31:
0x0095	0x1283      	BCF        STATUS, 5
0x0096	0x1787      	BSF        LCD_D7, BitPos(LCD_D7+0)
L__Lcd_Cmd32:
;__Lib_Lcd.c,34 :: 		
0x0097	0x1683      	BSF        STATUS, 5
0x0098	0x1963      	BTFSC      FARG_Lcd_Cmd_out_char, 2
0x0099	0x289D      	GOTO       L__Lcd_Cmd33
0x009A	0x1283      	BCF        STATUS, 5
0x009B	0x1307      	BCF        LCD_D6, BitPos(LCD_D6+0)
0x009C	0x289F      	GOTO       L__Lcd_Cmd34
L__Lcd_Cmd33:
0x009D	0x1283      	BCF        STATUS, 5
0x009E	0x1707      	BSF        LCD_D6, BitPos(LCD_D6+0)
L__Lcd_Cmd34:
;__Lib_Lcd.c,35 :: 		
0x009F	0x1683      	BSF        STATUS, 5
0x00A0	0x18E3      	BTFSC      FARG_Lcd_Cmd_out_char, 1
0x00A1	0x28A5      	GOTO       L__Lcd_Cmd35
0x00A2	0x1283      	BCF        STATUS, 5
0x00A3	0x1287      	BCF        LCD_D5, BitPos(LCD_D5+0)
0x00A4	0x28A7      	GOTO       L__Lcd_Cmd36
L__Lcd_Cmd35:
0x00A5	0x1283      	BCF        STATUS, 5
0x00A6	0x1687      	BSF        LCD_D5, BitPos(LCD_D5+0)
L__Lcd_Cmd36:
;__Lib_Lcd.c,36 :: 		
0x00A7	0x1683      	BSF        STATUS, 5
0x00A8	0x1863      	BTFSC      FARG_Lcd_Cmd_out_char, 0
0x00A9	0x28AD      	GOTO       L__Lcd_Cmd37
0x00AA	0x1283      	BCF        STATUS, 5
0x00AB	0x1207      	BCF        LCD_D4, BitPos(LCD_D4+0)
0x00AC	0x28AF      	GOTO       L__Lcd_Cmd38
L__Lcd_Cmd37:
0x00AD	0x1283      	BCF        STATUS, 5
0x00AE	0x1607      	BSF        LCD_D4, BitPos(LCD_D4+0)
L__Lcd_Cmd38:
;__Lib_Lcd.c,38 :: 		
0x00AF	0x1683      	BSF        STATUS, 5
0x00B0	0x1854      	BTFSC      __Lib_Lcd_cmd_status, BitPos(__Lib_Lcd_cmd_status+0)
0x00B1	0x28B5      	GOTO       L__Lcd_Cmd39
0x00B2	0x1283      	BCF        STATUS, 5
0x00B3	0x1507      	BSF        LCD_RS, BitPos(LCD_RS+0)
0x00B4	0x28B7      	GOTO       L__Lcd_Cmd40
L__Lcd_Cmd39:
0x00B5	0x1283      	BCF        STATUS, 5
0x00B6	0x1107      	BCF        LCD_RS, BitPos(LCD_RS+0)
L__Lcd_Cmd40:
;__Lib_Lcd.c,40 :: 		
0x00B7	0x1587      	BSF        LCD_EN, BitPos(LCD_EN+0)
;__Lib_Lcd.c,41 :: 		
0x00B8	0x2032      	CALL       _Delay_1us
;__Lib_Lcd.c,42 :: 		
0x00B9	0x1187      	BCF        LCD_EN, BitPos(LCD_EN+0)
;__Lib_Lcd.c,44 :: 		
0x00BA	0x1683      	BSF        STATUS, 5
0x00BB	0x1C54      	BTFSS      __Lib_Lcd_cmd_status, BitPos(__Lib_Lcd_cmd_status+0)
0x00BC	0x28BF      	GOTO       L_Lcd_Cmd0
;__Lib_Lcd.c,45 :: 		
0x00BD	0x2038      	CALL       _Delay_5500us
0x00BE	0x28C0      	GOTO       L_Lcd_Cmd1
L_Lcd_Cmd0:
;__Lib_Lcd.c,47 :: 		
0x00BF	0x2045      	CALL       _Delay_50us
L_Lcd_Cmd1:
;__Lib_Lcd.c,48 :: 		
L_end_Lcd_Cmd:
0x00C0	0x0008      	RETURN
; end of _Lcd_Cmd
_SETFOV32:
;__Lib_MathDouble.c,79 :: 		
;__Lib_MathDouble.c,86 :: 		
0x00C1	0x14FB      	BSF        R11, 1
;__Lib_MathDouble.c,87 :: 		
0x00C2	0x1FFB      	BTFSS      R11, 7
;__Lib_MathDouble.c,88 :: 		
0x00C3	0x28CB      	GOTO       SETFOV32EEE
;__Lib_MathDouble.c,89 :: 		
0x00C4	0x30FF      	MOVLW      255
;__Lib_MathDouble.c,90 :: 		
0x00C5	0x00F3      	MOVWF      R3
;__Lib_MathDouble.c,91 :: 		
0x00C6	0x00F2      	MOVWF      R2
;__Lib_MathDouble.c,92 :: 		
0x00C7	0x00F1      	MOVWF      R1
;__Lib_MathDouble.c,93 :: 		
0x00C8	0x00F0      	MOVWF      R0
;__Lib_MathDouble.c,94 :: 		
0x00C9	0x0DFA      	RLF        R10, 1
;__Lib_MathDouble.c,95 :: 		
0x00CA	0x0CF2      	RRF        R2, 1
;__Lib_MathDouble.c,96 :: 		
SETFOV32EEE:
;__Lib_MathDouble.c,97 :: 		
0x00CB	0x30FF      	MOVLW      255
;__Lib_MathDouble.c,99 :: 		
L_end_SETFOV32:
0x00CC	0x0008      	RETURN
; end of _SETFOV32
_____DoICP:
;__Lib_System.c,6 :: 		
;__Lib_System.c,9 :: 		
0x00CD	0x1283      	BCF        STATUS, 5
0x00CE	0x1303      	BCF        STATUS, 6
0x00CF	0x086D      	MOVF       ___DoICPAddr+1, 0
0x00D0	0x008A      	MOVWF      PCLATH
;__Lib_System.c,10 :: 		
0x00D1	0x086C      	MOVF       ___DoICPAddr, 0
0x00D2	0x0082      	MOVWF      PCL
;__Lib_System.c,12 :: 		
L_end_____DoICP:
0x00D3	0x0008      	RETURN
; end of _____DoICP
_SETFDZ32:
;__Lib_MathDouble.c,102 :: 		
;__Lib_MathDouble.c,105 :: 		
0x00D4	0x15FB      	BSF        R11, 3
;__Lib_MathDouble.c,106 :: 		
0x00D5	0x30FF      	MOVLW      255
;__Lib_MathDouble.c,108 :: 		
L_end_SETFDZ32:
0x00D6	0x0008      	RETURN
; end of _SETFDZ32
_NRM3232:
;__Lib_MathDouble.c,167 :: 		
;__Lib_MathDouble.c,173 :: 		
;__Lib_MathDouble.c,175 :: 		
0x00D7	0x01A0      	CLRF       __math_tempbD
;__Lib_MathDouble.c,176 :: 		
0x00D8	0x0872      	MOVF       R2, 0
;__Lib_MathDouble.c,177 :: 		
0x00D9	0x1D03      	BTFSS      STATUS, 2
;__Lib_MathDouble.c,178 :: 		
0x00DA	0x28EC      	GOTO       NORM3232
;__Lib_MathDouble.c,179 :: 		
0x00DB	0x0871      	MOVF       R1, 0
;__Lib_MathDouble.c,180 :: 		
0x00DC	0x00F2      	MOVWF      R2
;__Lib_MathDouble.c,181 :: 		
0x00DD	0x0870      	MOVF       R0, 0
;__Lib_MathDouble.c,182 :: 		
0x00DE	0x00F1      	MOVWF      R1
;__Lib_MathDouble.c,183 :: 		
0x00DF	0x01F0      	CLRF       R0
;__Lib_MathDouble.c,184 :: 		
0x00E0	0x15A0      	BSF        __math_tempbD, 3
;__Lib_MathDouble.c,186 :: 		
0x00E1	0x0872      	MOVF       R2, 0
;__Lib_MathDouble.c,187 :: 		
0x00E2	0x1D03      	BTFSS      STATUS, 2
;__Lib_MathDouble.c,188 :: 		
0x00E3	0x28EC      	GOTO       NORM3232
;__Lib_MathDouble.c,189 :: 		
0x00E4	0x0871      	MOVF       R1, 0
;__Lib_MathDouble.c,190 :: 		
0x00E5	0x00F2      	MOVWF      R2
;__Lib_MathDouble.c,191 :: 		
0x00E6	0x01F1      	CLRF       R1
;__Lib_MathDouble.c,192 :: 		
0x00E7	0x11A0      	BCF        __math_tempbD, 3
;__Lib_MathDouble.c,193 :: 		
0x00E8	0x1620      	BSF        __math_tempbD, 4
;__Lib_MathDouble.c,195 :: 		
0x00E9	0x0872      	MOVF       R2, 0
;__Lib_MathDouble.c,196 :: 		
0x00EA	0x1903      	BTFSC      STATUS, 2
;__Lib_MathDouble.c,197 :: 		
0x00EB	0x28FA      	GOTO       JPNRES032
;__Lib_MathDouble.c,198 :: 		
NORM3232:
;__Lib_MathDouble.c,199 :: 		
0x00EC	0x0820      	MOVF       __math_tempbD, 0
;__Lib_MathDouble.c,200 :: 		
0x00ED	0x02F3      	SUBWF      R3, 1
;__Lib_MathDouble.c,201 :: 		
0x00EE	0x1D03      	BTFSS      STATUS, 2
;__Lib_MathDouble.c,202 :: 		
0x00EF	0x1C03      	BTFSS      STATUS, 0
;__Lib_MathDouble.c,203 :: 		
0x00F0	0x28FE      	GOTO       JPNSETFUN32
;__Lib_MathDouble.c,204 :: 		
0x00F1	0x1003      	BCF        STATUS, 0
;__Lib_MathDouble.c,205 :: 		
NORM3232A:
;__Lib_MathDouble.c,206 :: 		
0x00F2	0x1BF2      	BTFSC      R2, 7
;__Lib_MathDouble.c,207 :: 		
0x00F3	0x2902      	GOTO       JMPNFIXSIGN32
;__Lib_MathDouble.c,208 :: 		
0x00F4	0x0DF0      	RLF        R0, 1
;__Lib_MathDouble.c,209 :: 		
0x00F5	0x0DF1      	RLF        R1, 1
;__Lib_MathDouble.c,210 :: 		
0x00F6	0x0DF2      	RLF        R2, 1
;__Lib_MathDouble.c,211 :: 		
0x00F7	0x0BF3      	DECFSZ     R3, 1
;__Lib_MathDouble.c,212 :: 		
0x00F8	0x28F2      	GOTO       NORM3232A
;__Lib_MathDouble.c,213 :: 		
0x00F9	0x28FE      	GOTO       JPNSETFUN32
;__Lib_MathDouble.c,214 :: 		
JPNRES032:
;__Lib_MathDouble.c,215 :: 		
0x00FA	0x3001      	MOVLW      1
;__Lib_MathDouble.c,216 :: 		
0x00FB	0x00FC      	MOVWF      R12
;__Lib_MathDouble.c,218 :: 		
0x00FC	0x205C      	CALL       _RES032
;__Lib_MathDouble.c,220 :: 		
0x00FD	0x2905      	GOTO       NORM32EEE
;__Lib_MathDouble.c,221 :: 		
JPNSETFUN32:
;__Lib_MathDouble.c,222 :: 		
0x00FE	0x3002      	MOVLW      2
;__Lib_MathDouble.c,223 :: 		
0x00FF	0x00FC      	MOVWF      R12
;__Lib_MathDouble.c,225 :: 		
0x0100	0x2050      	CALL       _SETFUN32
;__Lib_MathDouble.c,227 :: 		
0x0101	0x2905      	GOTO       NORM32EEE
;__Lib_MathDouble.c,228 :: 		
JMPNFIXSIGN32:
;__Lib_MathDouble.c,229 :: 		
0x0102	0x3004      	MOVLW      4
;__Lib_MathDouble.c,230 :: 		
0x0103	0x00FC      	MOVWF      R12
;__Lib_MathDouble.c,232 :: 		
0x0104	0x204C      	CALL       _FIXSIGN32
;__Lib_MathDouble.c,234 :: 		
NORM32EEE:
;__Lib_MathDouble.c,236 :: 		
L_end_NRM3232:
0x0105	0x0008      	RETURN
; end of _NRM3232
_Delay_22us:
;__Lib_Delays.c,15 :: 		void Delay_22us() {
;__Lib_Delays.c,16 :: 		Delay_us(22);
0x0106	0x3024      	MOVLW      36
0x0107	0x1283      	BCF        STATUS, 5
0x0108	0x1303      	BCF        STATUS, 6
0x0109	0x00FD      	MOVWF      R13
L_Delay_22us1:
0x010A	0x0BFD      	DECFSZ     R13, 1
0x010B	0x290A      	GOTO       L_Delay_22us1
0x010C	0x0000      	NOP
;__Lib_Delays.c,17 :: 		}
L_end_Delay_22us:
0x010D	0x0008      	RETURN
; end of _Delay_22us
_Lcd_Chr_CP:
;__Lib_Lcd.c,50 :: 		
;__Lib_Lcd.c,52 :: 		
0x010E	0x1683      	BSF        STATUS, 5
0x010F	0x1303      	BCF        STATUS, 6
0x0110	0x1054      	BCF        __Lib_Lcd_cmd_status, BitPos(__Lib_Lcd_cmd_status+0)
;__Lib_Lcd.c,53 :: 		
0x0111	0x0862      	MOVF       FARG_Lcd_Chr_CP_out_char, 0
0x0112	0x00E3      	MOVWF      FARG_Lcd_Cmd_out_char
0x0113	0x2063      	CALL       _Lcd_Cmd
;__Lib_Lcd.c,54 :: 		
0x0114	0x1683      	BSF        STATUS, 5
0x0115	0x1454      	BSF        __Lib_Lcd_cmd_status, BitPos(__Lib_Lcd_cmd_status+0)
;__Lib_Lcd.c,55 :: 		
L_end_Lcd_Chr_CP:
0x0116	0x0008      	RETURN
; end of _Lcd_Chr_CP
_Div_32x32_FP:
;__Lib_MathDouble.c,761 :: 		
;__Lib_MathDouble.c,773 :: 		
;__Lib_MathDouble.c,776 :: 		
0x0117	0x1283      	BCF        STATUS, 5
0x0118	0x1303      	BCF        STATUS, 6
0x0119	0x0874      	MOVF       R4, 0
0x011A	0x3A00      	XORLW      0
0x011B	0x1D03      	BTFSS      STATUS, 2
0x011C	0x2932      	GOTO       L_Div_32x32_FP7
;__Lib_MathDouble.c,777 :: 		
0x011D	0x0875      	MOVF       R5, 0
0x011E	0x3A00      	XORLW      0
0x011F	0x1D03      	BTFSS      STATUS, 2
0x0120	0x2932      	GOTO       L_Div_32x32_FP8
;__Lib_MathDouble.c,778 :: 		
0x0121	0x0876      	MOVF       R6, 0
0x0122	0x3A00      	XORLW      0
0x0123	0x1D03      	BTFSS      STATUS, 2
0x0124	0x2932      	GOTO       L_Div_32x32_FP9
;__Lib_MathDouble.c,779 :: 		
0x0125	0x0877      	MOVF       R7, 0
0x0126	0x3A00      	XORLW      0
0x0127	0x1D03      	BTFSS      STATUS, 2
0x0128	0x2932      	GOTO       L_Div_32x32_FP10
;__Lib_MathDouble.c,780 :: 		
0x0129	0x30FF      	MOVLW      255
0x012A	0x00F0      	MOVWF      R0
;__Lib_MathDouble.c,781 :: 		
0x012B	0x30FF      	MOVLW      255
0x012C	0x00F1      	MOVWF      R1
;__Lib_MathDouble.c,782 :: 		
0x012D	0x307F      	MOVLW      127
0x012E	0x00F2      	MOVWF      R2
;__Lib_MathDouble.c,783 :: 		
0x012F	0x30FF      	MOVLW      255
0x0130	0x00F3      	MOVWF      R3
;__Lib_MathDouble.c,784 :: 		
0x0131	0x29CD      	GOTO       L_end_Div_32x32_FP
;__Lib_MathDouble.c,785 :: 		
L_Div_32x32_FP10:
L_Div_32x32_FP9:
L_Div_32x32_FP8:
L_Div_32x32_FP7:
;__Lib_MathDouble.c,788 :: 		
0x0132	0x1283      	BCF        STATUS, 5
;__Lib_MathDouble.c,789 :: 		
0x0133	0x1303      	BCF        STATUS, 6
;__Lib_MathDouble.c,791 :: 		
0x0134	0x0877      	MOVF       R7, 0
;__Lib_MathDouble.c,792 :: 		
0x0135	0x1903      	BTFSC      STATUS, 2
;__Lib_MathDouble.c,793 :: 		
0x0136	0x29C1      	GOTO       JPDSETFDZ32
;__Lib_MathDouble.c,795 :: 		
0x0137	0x0873      	MOVF       R3, 0
;__Lib_MathDouble.c,796 :: 		
0x0138	0x1903      	BTFSC      STATUS, 2
;__Lib_MathDouble.c,797 :: 		
0x0139	0x29C4      	GOTO       JPDRES032
;__Lib_MathDouble.c,799 :: 		
0x013A	0x0872      	MOVF       R2, 0
;__Lib_MathDouble.c,800 :: 		
0x013B	0x0676      	XORWF      R6, 0
;__Lib_MathDouble.c,801 :: 		
0x013C	0x3980      	ANDLW      128
;__Lib_MathDouble.c,802 :: 		
0x013D	0x00FA      	MOVWF      R10
;__Lib_MathDouble.c,803 :: 		
0x013E	0x17F2      	BSF        R2, 7
;__Lib_MathDouble.c,804 :: 		
0x013F	0x17F6      	BSF        R6, 7
;__Lib_MathDouble.c,806 :: 		
0x0140	0x01A0      	CLRF       __math_tempbD
;__Lib_MathDouble.c,807 :: 		
0x0141	0x0872      	MOVF       R2, 0
;__Lib_MathDouble.c,808 :: 		
0x0142	0x00F8      	MOVWF      R8
;__Lib_MathDouble.c,809 :: 		
0x0143	0x0871      	MOVF       R1, 0
;__Lib_MathDouble.c,810 :: 		
0x0144	0x00FC      	MOVWF      R12
;__Lib_MathDouble.c,811 :: 		
0x0145	0x0870      	MOVF       R0, 0
;__Lib_MathDouble.c,812 :: 		
0x0146	0x00FD      	MOVWF      R13
;__Lib_MathDouble.c,814 :: 		
0x0147	0x0874      	MOVF       R4, 0
;__Lib_MathDouble.c,815 :: 		
0x0148	0x02FD      	SUBWF      R13, 1
;__Lib_MathDouble.c,816 :: 		
0x0149	0x0875      	MOVF       R5, 0
;__Lib_MathDouble.c,817 :: 		
0x014A	0x1C03      	BTFSS      STATUS, 0
;__Lib_MathDouble.c,818 :: 		
0x014B	0x0F75      	INCFSZ     R5, 0
;__Lib_MathDouble.c,820 :: 		
0x014C	0x02FC      	SUBWF      R12, 1
;__Lib_MathDouble.c,821 :: 		
0x014D	0x0876      	MOVF       R6, 0
;__Lib_MathDouble.c,822 :: 		
0x014E	0x1C03      	BTFSS      STATUS, 0
;__Lib_MathDouble.c,823 :: 		
0x014F	0x0F76      	INCFSZ     R6, 0
;__Lib_MathDouble.c,825 :: 		
0x0150	0x02F8      	SUBWF      R8, 1
;__Lib_MathDouble.c,826 :: 		
0x0151	0x01F8      	CLRF       R8
;__Lib_MathDouble.c,827 :: 		
0x0152	0x01FC      	CLRF       R12
;__Lib_MathDouble.c,828 :: 		
0x0153	0x01FD      	CLRF       R13
;__Lib_MathDouble.c,829 :: 		
0x0154	0x1C03      	BTFSS      STATUS, 0
;__Lib_MathDouble.c,830 :: 		
0x0155	0x295D      	GOTO       DALIGN32OK
;__Lib_MathDouble.c,832 :: 		
0x0156	0x1003      	BCF        STATUS, 0
;__Lib_MathDouble.c,833 :: 		
0x0157	0x0CF2      	RRF        R2, 1
;__Lib_MathDouble.c,834 :: 		
0x0158	0x0CF1      	RRF        R1, 1
;__Lib_MathDouble.c,835 :: 		
0x0159	0x0CF0      	RRF        R0, 1
;__Lib_MathDouble.c,836 :: 		
0x015A	0x0CF8      	RRF        R8, 1
;__Lib_MathDouble.c,837 :: 		
0x015B	0x3001      	MOVLW      1
;__Lib_MathDouble.c,838 :: 		
0x015C	0x00A0      	MOVWF      __math_tempbD
;__Lib_MathDouble.c,839 :: 		
DALIGN32OK:
;__Lib_MathDouble.c,840 :: 		
0x015D	0x0877      	MOVF       R7, 0
;__Lib_MathDouble.c,841 :: 		
0x015E	0x02F3      	SUBWF      R3, 1
;__Lib_MathDouble.c,842 :: 		
0x015F	0x1C03      	BTFSS      STATUS, 0
;__Lib_MathDouble.c,843 :: 		
0x0160	0x2967      	GOTO       ALTB32
;__Lib_MathDouble.c,845 :: 		
0x0161	0x307E      	MOVLW      126
;__Lib_MathDouble.c,846 :: 		
0x0162	0x0720      	ADDWF      __math_tempbD, 0
;__Lib_MathDouble.c,847 :: 		
0x0163	0x07F3      	ADDWF      R3, 1
;__Lib_MathDouble.c,848 :: 		
0x0164	0x1803      	BTFSC      STATUS, 0
;__Lib_MathDouble.c,849 :: 		
0x0165	0x29C7      	GOTO       JPDSETFOV32
;__Lib_MathDouble.c,850 :: 		
0x0166	0x296C      	GOTO       DARGOK32
;__Lib_MathDouble.c,851 :: 		
ALTB32:
;__Lib_MathDouble.c,852 :: 		
0x0167	0x307E      	MOVLW      126
;__Lib_MathDouble.c,853 :: 		
0x0168	0x0720      	ADDWF      __math_tempbD, 0
;__Lib_MathDouble.c,854 :: 		
0x0169	0x07F3      	ADDWF      R3, 1
;__Lib_MathDouble.c,855 :: 		
0x016A	0x1C03      	BTFSS      STATUS, 0
;__Lib_MathDouble.c,856 :: 		
0x016B	0x29CA      	GOTO       JPDSETFUN32
;__Lib_MathDouble.c,857 :: 		
DARGOK32:
;__Lib_MathDouble.c,858 :: 		
0x016C	0x3018      	MOVLW      24
;__Lib_MathDouble.c,860 :: 		
0x016D	0x07FA      	ADDWF      R10, 1
;__Lib_MathDouble.c,861 :: 		
DLOOP32:
;__Lib_MathDouble.c,862 :: 		
0x016E	0x0DFD      	RLF        R13, 1
;__Lib_MathDouble.c,863 :: 		
0x016F	0x0DFC      	RLF        R12, 1
;__Lib_MathDouble.c,864 :: 		
0x0170	0x0DF8      	RLF        R8, 1
;__Lib_MathDouble.c,865 :: 		
0x0171	0x0DF0      	RLF        R0, 1
;__Lib_MathDouble.c,866 :: 		
0x0172	0x0DF1      	RLF        R1, 1
;__Lib_MathDouble.c,867 :: 		
0x0173	0x0DF2      	RLF        R2, 1
;__Lib_MathDouble.c,868 :: 		
0x0174	0x0DA0      	RLF        __math_tempbD, 1
;__Lib_MathDouble.c,870 :: 		
0x0175	0x0874      	MOVF       R4, 0
;__Lib_MathDouble.c,871 :: 		
0x0176	0x02F0      	SUBWF      R0, 1
;__Lib_MathDouble.c,872 :: 		
0x0177	0x0875      	MOVF       R5, 0
;__Lib_MathDouble.c,873 :: 		
0x0178	0x1C03      	BTFSS      STATUS, 0
;__Lib_MathDouble.c,874 :: 		
0x0179	0x0F75      	INCFSZ     R5, 0
;__Lib_MathDouble.c,876 :: 		
0x017A	0x02F1      	SUBWF      R1, 1
;__Lib_MathDouble.c,877 :: 		
0x017B	0x0876      	MOVF       R6, 0
;__Lib_MathDouble.c,878 :: 		
0x017C	0x1C03      	BTFSS      STATUS, 0
;__Lib_MathDouble.c,879 :: 		
0x017D	0x0F76      	INCFSZ     R6, 0
;__Lib_MathDouble.c,881 :: 		
0x017E	0x02F2      	SUBWF      R2, 1
;__Lib_MathDouble.c,882 :: 		
0x017F	0x0D76      	RLF        R6, 0
;__Lib_MathDouble.c,883 :: 		
0x0180	0x04A0      	IORWF      __math_tempbD, 1
;__Lib_MathDouble.c,884 :: 		
0x0181	0x1C20      	BTFSS      __math_tempbD, 0
;__Lib_MathDouble.c,885 :: 		
0x0182	0x2985      	GOTO       DREST32
;__Lib_MathDouble.c,886 :: 		
0x0183	0x147D      	BSF        R13, 0
;__Lib_MathDouble.c,887 :: 		
0x0184	0x2990      	GOTO       DOK32
;__Lib_MathDouble.c,888 :: 		
DREST32:
;__Lib_MathDouble.c,889 :: 		
0x0185	0x0874      	MOVF       R4, 0
;__Lib_MathDouble.c,890 :: 		
0x0186	0x07F0      	ADDWF      R0, 1
;__Lib_MathDouble.c,891 :: 		
0x0187	0x0875      	MOVF       R5, 0
;__Lib_MathDouble.c,892 :: 		
0x0188	0x1803      	BTFSC      STATUS, 0
;__Lib_MathDouble.c,893 :: 		
0x0189	0x0F75      	INCFSZ     R5, 0
;__Lib_MathDouble.c,895 :: 		
0x018A	0x07F1      	ADDWF      R1, 1
;__Lib_MathDouble.c,896 :: 		
0x018B	0x0876      	MOVF       R6, 0
;__Lib_MathDouble.c,897 :: 		
0x018C	0x1803      	BTFSC      STATUS, 0
;__Lib_MathDouble.c,898 :: 		
0x018D	0x0A76      	INCF       R6, 0
;__Lib_MathDouble.c,899 :: 		
0x018E	0x07F2      	ADDWF      R2, 1
;__Lib_MathDouble.c,900 :: 		
0x018F	0x107D      	BCF        R13, 0
;__Lib_MathDouble.c,901 :: 		
DOK32:
;__Lib_MathDouble.c,903 :: 		
0x0190	0x03FA      	DECF       R10, 1
;__Lib_MathDouble.c,904 :: 		
0x0191	0x301F      	MOVLW      31
;__Lib_MathDouble.c,905 :: 		
0x0192	0x057A      	ANDWF      R10, 0
;__Lib_MathDouble.c,906 :: 		
0x0193	0x1D03      	BTFSS      STATUS, 2
;__Lib_MathDouble.c,907 :: 		
0x0194	0x296E      	GOTO       DLOOP32
;__Lib_MathDouble.c,909 :: 		
0x0195	0x1B7B      	BTFSC      R11, 6
;__Lib_MathDouble.c,910 :: 		
0x0196	0x1C7D      	BTFSS      R13, 0
;__Lib_MathDouble.c,911 :: 		
0x0197	0x29B7      	GOTO       DIV32OK
;__Lib_MathDouble.c,912 :: 		
0x0198	0x1003      	BCF        STATUS, 0
;__Lib_MathDouble.c,913 :: 		
0x0199	0x0DF0      	RLF        R0, 1
;__Lib_MathDouble.c,914 :: 		
0x019A	0x0DF1      	RLF        R1, 1
;__Lib_MathDouble.c,915 :: 		
0x019B	0x0DF2      	RLF        R2, 1
;__Lib_MathDouble.c,916 :: 		
0x019C	0x0DA0      	RLF        __math_tempbD, 1
;__Lib_MathDouble.c,918 :: 		
0x019D	0x0874      	MOVF       R4, 0
;__Lib_MathDouble.c,919 :: 		
0x019E	0x02F0      	SUBWF      R0, 1
;__Lib_MathDouble.c,920 :: 		
0x019F	0x0875      	MOVF       R5, 0
;__Lib_MathDouble.c,921 :: 		
0x01A0	0x1C03      	BTFSS      STATUS, 0
;__Lib_MathDouble.c,922 :: 		
0x01A1	0x0F75      	INCFSZ     R5, 0
;__Lib_MathDouble.c,923 :: 		
0x01A2	0x02F1      	SUBWF      R1, 1
;__Lib_MathDouble.c,924 :: 		
0x01A3	0x0876      	MOVF       R6, 0
;__Lib_MathDouble.c,925 :: 		
0x01A4	0x1C03      	BTFSS      STATUS, 0
;__Lib_MathDouble.c,926 :: 		
0x01A5	0x0F76      	INCFSZ     R6, 0
;__Lib_MathDouble.c,927 :: 		
0x01A6	0x02F2      	SUBWF      R2, 1
;__Lib_MathDouble.c,928 :: 		
0x01A7	0x0D76      	RLF        R6, 0
;__Lib_MathDouble.c,929 :: 		
0x01A8	0x0420      	IORWF      __math_tempbD, 0
;__Lib_MathDouble.c,930 :: 		
0x01A9	0x3901      	ANDLW      1
;__Lib_MathDouble.c,931 :: 		
0x01AA	0x07FD      	ADDWF      R13, 1
;__Lib_MathDouble.c,932 :: 		
0x01AB	0x1803      	BTFSC      STATUS, 0
;__Lib_MathDouble.c,933 :: 		
0x01AC	0x0AFC      	INCF       R12, 1
;__Lib_MathDouble.c,934 :: 		
0x01AD	0x1903      	BTFSC      STATUS, 2
;__Lib_MathDouble.c,935 :: 		
0x01AE	0x0AF8      	INCF       R8, 1
;__Lib_MathDouble.c,936 :: 		
0x01AF	0x1D03      	BTFSS      STATUS, 2
;__Lib_MathDouble.c,937 :: 		
0x01B0	0x29B7      	GOTO       DIV32OK
;__Lib_MathDouble.c,938 :: 		
0x01B1	0x0CF8      	RRF        R8, 1
;__Lib_MathDouble.c,939 :: 		
0x01B2	0x0CFC      	RRF        R12, 1
;__Lib_MathDouble.c,940 :: 		
0x01B3	0x0CFD      	RRF        R13, 1
;__Lib_MathDouble.c,941 :: 		
0x01B4	0x0AF3      	INCF       R3, 1
;__Lib_MathDouble.c,942 :: 		
0x01B5	0x1903      	BTFSC      STATUS, 2
;__Lib_MathDouble.c,943 :: 		
0x01B6	0x29C7      	GOTO       JPDSETFOV32
;__Lib_MathDouble.c,944 :: 		
DIV32OK:
;__Lib_MathDouble.c,945 :: 		
0x01B7	0x1FFA      	BTFSS      R10, 7
;__Lib_MathDouble.c,946 :: 		
0x01B8	0x13F8      	BCF        R8, 7
;__Lib_MathDouble.c,947 :: 		
0x01B9	0x0878      	MOVF       R8, 0
;__Lib_MathDouble.c,948 :: 		
0x01BA	0x00F2      	MOVWF      R2
;__Lib_MathDouble.c,949 :: 		
0x01BB	0x087C      	MOVF       R12, 0
;__Lib_MathDouble.c,950 :: 		
0x01BC	0x00F1      	MOVWF      R1
;__Lib_MathDouble.c,951 :: 		
0x01BD	0x087D      	MOVF       R13, 0
;__Lib_MathDouble.c,952 :: 		
0x01BE	0x00F0      	MOVWF      R0
;__Lib_MathDouble.c,954 :: 		
0x01BF	0x3000      	MOVLW      0
;__Lib_MathDouble.c,956 :: 		
0x01C0	0x29CC      	GOTO       DIV32EEE
;__Lib_MathDouble.c,957 :: 		
JPDSETFDZ32:
;__Lib_MathDouble.c,958 :: 		
0x01C1	0x3001      	MOVLW      1
;__Lib_MathDouble.c,961 :: 		
0x01C2	0x20D4      	CALL       _SETFDZ32
;__Lib_MathDouble.c,963 :: 		
0x01C3	0x29CC      	GOTO       DIV32EEE
;__Lib_MathDouble.c,964 :: 		
JPDRES032:
;__Lib_MathDouble.c,965 :: 		
0x01C4	0x3002      	MOVLW      2
;__Lib_MathDouble.c,968 :: 		
0x01C5	0x205C      	CALL       _RES032
;__Lib_MathDouble.c,970 :: 		
0x01C6	0x29CC      	GOTO       DIV32EEE
;__Lib_MathDouble.c,971 :: 		
JPDSETFOV32:
;__Lib_MathDouble.c,972 :: 		
0x01C7	0x3004      	MOVLW      4
;__Lib_MathDouble.c,975 :: 		
0x01C8	0x20C1      	CALL       _SETFOV32
;__Lib_MathDouble.c,977 :: 		
0x01C9	0x29CC      	GOTO       DIV32EEE
;__Lib_MathDouble.c,978 :: 		
JPDSETFUN32:
;__Lib_MathDouble.c,979 :: 		
0x01CA	0x3008      	MOVLW      8
;__Lib_MathDouble.c,982 :: 		
0x01CB	0x2050      	CALL       _SETFUN32
;__Lib_MathDouble.c,984 :: 		
DIV32EEE:
;__Lib_MathDouble.c,985 :: 		
0x01CC	0x0000      	NOP
;__Lib_MathDouble.c,994 :: 		
L_end_Div_32x32_FP:
0x01CD	0x0008      	RETURN
; end of _Div_32x32_FP
_Lcd_Out:
;__Lib_Lcd.c,184 :: 		
;__Lib_Lcd.c,187 :: 		
0x01CE	0x29E0      	GOTO       L_Lcd_Out11
;__Lib_Lcd.c,188 :: 		
L_Lcd_Out13:
0x01CF	0x3080      	MOVLW      128
0x01D0	0x1683      	BSF        STATUS, 5
0x01D1	0x1303      	BCF        STATUS, 6
0x01D2	0x00DE      	MOVWF      FARG_Lcd_Out_row
0x01D3	0x29F3      	GOTO       L_Lcd_Out12
;__Lib_Lcd.c,189 :: 		
L_Lcd_Out14:
0x01D4	0x30C0      	MOVLW      192
0x01D5	0x00DE      	MOVWF      FARG_Lcd_Out_row
0x01D6	0x29F3      	GOTO       L_Lcd_Out12
;__Lib_Lcd.c,190 :: 		
L_Lcd_Out15:
0x01D7	0x3094      	MOVLW      148
0x01D8	0x00DE      	MOVWF      FARG_Lcd_Out_row
0x01D9	0x29F3      	GOTO       L_Lcd_Out12
;__Lib_Lcd.c,191 :: 		
L_Lcd_Out16:
0x01DA	0x30D4      	MOVLW      212
0x01DB	0x00DE      	MOVWF      FARG_Lcd_Out_row
0x01DC	0x29F3      	GOTO       L_Lcd_Out12
;__Lib_Lcd.c,192 :: 		
L_Lcd_Out17:
0x01DD	0x3080      	MOVLW      128
0x01DE	0x00DE      	MOVWF      FARG_Lcd_Out_row
;__Lib_Lcd.c,193 :: 		
0x01DF	0x29F3      	GOTO       L_Lcd_Out12
L_Lcd_Out11:
0x01E0	0x1683      	BSF        STATUS, 5
0x01E1	0x1303      	BCF        STATUS, 6
0x01E2	0x085E      	MOVF       FARG_Lcd_Out_row, 0
0x01E3	0x3A01      	XORLW      1
0x01E4	0x1903      	BTFSC      STATUS, 2
0x01E5	0x29CF      	GOTO       L_Lcd_Out13
0x01E6	0x085E      	MOVF       FARG_Lcd_Out_row, 0
0x01E7	0x3A02      	XORLW      2
0x01E8	0x1903      	BTFSC      STATUS, 2
0x01E9	0x29D4      	GOTO       L_Lcd_Out14
0x01EA	0x085E      	MOVF       FARG_Lcd_Out_row, 0
0x01EB	0x3A03      	XORLW      3
0x01EC	0x1903      	BTFSC      STATUS, 2
0x01ED	0x29D7      	GOTO       L_Lcd_Out15
0x01EE	0x085E      	MOVF       FARG_Lcd_Out_row, 0
0x01EF	0x3A04      	XORLW      4
0x01F0	0x1903      	BTFSC      STATUS, 2
0x01F1	0x29DA      	GOTO       L_Lcd_Out16
0x01F2	0x29DD      	GOTO       L_Lcd_Out17
L_Lcd_Out12:
;__Lib_Lcd.c,194 :: 		
0x01F3	0x035F      	DECF       FARG_Lcd_Out_column, 0
0x01F4	0x00F0      	MOVWF      R0
0x01F5	0x085E      	MOVF       FARG_Lcd_Out_row, 0
0x01F6	0x07F0      	ADDWF      R0, 1
0x01F7	0x0870      	MOVF       R0, 0
0x01F8	0x00DE      	MOVWF      FARG_Lcd_Out_row
;__Lib_Lcd.c,196 :: 		
0x01F9	0x0870      	MOVF       R0, 0
0x01FA	0x00E3      	MOVWF      FARG_Lcd_Cmd_out_char
0x01FB	0x2063      	CALL       _Lcd_Cmd
;__Lib_Lcd.c,197 :: 		
0x01FC	0x1683      	BSF        STATUS, 5
0x01FD	0x1054      	BCF        __Lib_Lcd_cmd_status, BitPos(__Lib_Lcd_cmd_status+0)
;__Lib_Lcd.c,198 :: 		
0x01FE	0x01E1      	CLRF       Lcd_Out_i_L0
;__Lib_Lcd.c,199 :: 		
L_Lcd_Out18:
0x01FF	0x0861      	MOVF       Lcd_Out_i_L0, 0
0x0200	0x0760      	ADDWF      FARG_Lcd_Out_text, 0
0x0201	0x0084      	MOVWF      FSR
0x0202	0x0800      	MOVF       INDF, 0
0x0203	0x1903      	BTFSC      STATUS, 2
0x0204	0x2A0D      	GOTO       L_Lcd_Out19
;__Lib_Lcd.c,200 :: 		
0x0205	0x0861      	MOVF       Lcd_Out_i_L0, 0
0x0206	0x0760      	ADDWF      FARG_Lcd_Out_text, 0
0x0207	0x0084      	MOVWF      FSR
0x0208	0x0800      	MOVF       INDF, 0
0x0209	0x00E2      	MOVWF      FARG_Lcd_Chr_CP_out_char
0x020A	0x210E      	CALL       _Lcd_Chr_CP
0x020B	0x0AE1      	INCF       Lcd_Out_i_L0, 1
0x020C	0x29FF      	GOTO       L_Lcd_Out18
L_Lcd_Out19:
;__Lib_Lcd.c,201 :: 		
0x020D	0x1454      	BSF        __Lib_Lcd_cmd_status, BitPos(__Lib_Lcd_cmd_status+0)
;__Lib_Lcd.c,202 :: 		
L_end_Lcd_Out:
0x020E	0x0008      	RETURN
; end of _Lcd_Out
_word2double:
;__Lib_MathDouble.c,1862 :: 		
;__Lib_MathDouble.c,1868 :: 		
0x020F	0x1283      	BCF        STATUS, 5
;__Lib_MathDouble.c,1869 :: 		
0x0210	0x1303      	BCF        STATUS, 6
;__Lib_MathDouble.c,1870 :: 		
0x0211	0x0870      	MOVF       R0, 0
;__Lib_MathDouble.c,1871 :: 		
0x0212	0x00F8      	MOVWF      R8
;__Lib_MathDouble.c,1872 :: 		
0x0213	0x0871      	MOVF       R1, 0
;__Lib_MathDouble.c,1873 :: 		
0x0214	0x00F0      	MOVWF      R0
;__Lib_MathDouble.c,1874 :: 		
0x0215	0x01F1      	CLRF       R1
;__Lib_MathDouble.c,1875 :: 		
0x0216	0x01F2      	CLRF       R2
;__Lib_MathDouble.c,1876 :: 		
0x0217	0x01F3      	CLRF       R3
;__Lib_MathDouble.c,1879 :: 		
0x0218	0x01FB      	CLRF       R11
;__Lib_MathDouble.c,1880 :: 		
0x0219	0x01FC      	CLRF       R12
;__Lib_MathDouble.c,1882 :: 		
0x021A	0x3096      	MOVLW      150
;__Lib_MathDouble.c,1883 :: 		
0x021B	0x00F3      	MOVWF      R3
;__Lib_MathDouble.c,1884 :: 		
0x021C	0x01FA      	CLRF       R10
;__Lib_MathDouble.c,1886 :: 		
0x021D	0x0870      	MOVF       R0, 0
;__Lib_MathDouble.c,1887 :: 		
0x021E	0x00F1      	MOVWF      R1
;__Lib_MathDouble.c,1888 :: 		
0x021F	0x0878      	MOVF       R8, 0
;__Lib_MathDouble.c,1889 :: 		
0x0220	0x00F0      	MOVWF      R0
;__Lib_MathDouble.c,1890 :: 		
0x0221	0x01F8      	CLRF       R8
;__Lib_MathDouble.c,1891 :: 		
0x0222	0x01F2      	CLRF       R2
;__Lib_MathDouble.c,1893 :: 		
0x0223	0x20D7      	CALL       _NRM3232
;__Lib_MathDouble.c,1894 :: 		
L_end_word2double:
0x0224	0x0008      	RETURN
; end of _word2double
_ADC_Read:
;__Lib_ADC_A_C.c,68 :: 		
;__Lib_ADC_A_C.c,70 :: 		
0x0225	0x1283      	BCF        STATUS, 5
0x0226	0x1303      	BCF        STATUS, 6
0x0227	0x019F      	CLRF       ADCON0
;__Lib_ADC_A_C.c,71 :: 		
0x0228	0x30C0      	MOVLW      192
0x0229	0x049F      	IORWF      ADCON0, 1
;__Lib_ADC_A_C.c,72 :: 		
0x022A	0x0947      	COMF       _vref_mask, 0
0x022B	0x00F0      	MOVWF      R0
0x022C	0x0870      	MOVF       R0, 0
0x022D	0x1683      	BSF        STATUS, 5
0x022E	0x059F      	ANDWF      ADCON1, 1
;__Lib_ADC_A_C.c,73 :: 		
0x022F	0x171F      	BSF        ADCON1, 6
;__Lib_ADC_A_C.c,74 :: 		
0x0230	0x179F      	BSF        ADCON1, 7
;__Lib_ADC_A_C.c,75 :: 		
0x0231	0x085E      	MOVF       FARG_ADC_Read_channel, 0
0x0232	0x00F0      	MOVWF      R0
0x0233	0x0DF0      	RLF        R0, 1
0x0234	0x1070      	BCF        R0, 0
0x0235	0x0DF0      	RLF        R0, 1
0x0236	0x1070      	BCF        R0, 0
0x0237	0x0DF0      	RLF        R0, 1
0x0238	0x1070      	BCF        R0, 0
0x0239	0x0870      	MOVF       R0, 0
0x023A	0x1283      	BCF        STATUS, 5
0x023B	0x049F      	IORWF      ADCON0, 1
;__Lib_ADC_A_C.c,78 :: 		
0x023C	0x141F      	BSF        ADCON0, 0
;__Lib_ADC_A_C.c,81 :: 		
0x023D	0x2106      	CALL       _Delay_22us
;__Lib_ADC_A_C.c,84 :: 		
0x023E	0x151F      	BSF        ADCON0, 2
;__Lib_ADC_A_C.c,87 :: 		
L_ADC_Read2:
0x023F	0x1D1F      	BTFSS      ADCON0, 2
0x0240	0x2A43      	GOTO       L_ADC_Read3
;__Lib_ADC_A_C.c,88 :: 		
0x0241	0x0000      	NOP
0x0242	0x2A3F      	GOTO       L_ADC_Read2
L_ADC_Read3:
;__Lib_ADC_A_C.c,91 :: 		
0x0243	0x101F      	BCF        ADCON0, 0
;__Lib_ADC_A_C.c,94 :: 		
0x0244	0x081E      	MOVF       ADRESH, 0
0x0245	0x00F1      	MOVWF      R0+1
0x0246	0x01F0      	CLRF       R0
0x0247	0x1683      	BSF        STATUS, 5
0x0248	0x081E      	MOVF       ADRESL, 0
0x0249	0x04F0      	IORWF      R0, 1
0x024A	0x3000      	MOVLW      0
0x024B	0x04F1      	IORWF      R0+1, 1
;__Lib_ADC_A_C.c,95 :: 		
L_end_ADC_Read:
0x024C	0x0008      	RETURN
; end of _ADC_Read
_Lcd_Init:
;__Lib_Lcd.c,84 :: 		
;__Lib_Lcd.c,86 :: 		
0x024D	0x1683      	BSF        STATUS, 5
0x024E	0x1303      	BCF        STATUS, 6
0x024F	0x1187      	BCF        LCD_EN_Direction, BitPos(LCD_EN_Direction+0)
;__Lib_Lcd.c,87 :: 		
0x0250	0x1107      	BCF        LCD_RS_Direction, BitPos(LCD_RS_Direction+0)
;__Lib_Lcd.c,88 :: 		
0x0251	0x1207      	BCF        LCD_D4_Direction, BitPos(LCD_D4_Direction+0)
;__Lib_Lcd.c,89 :: 		
0x0252	0x1287      	BCF        LCD_D5_Direction, BitPos(LCD_D5_Direction+0)
;__Lib_Lcd.c,90 :: 		
0x0253	0x1307      	BCF        LCD_D6_Direction, BitPos(LCD_D6_Direction+0)
;__Lib_Lcd.c,91 :: 		
0x0254	0x1387      	BCF        LCD_D7_Direction, BitPos(LCD_D7_Direction+0)
;__Lib_Lcd.c,93 :: 		
0x0255	0x1283      	BCF        STATUS, 5
0x0256	0x1187      	BCF        LCD_EN, BitPos(LCD_EN+0)
;__Lib_Lcd.c,94 :: 		
0x0257	0x1107      	BCF        LCD_RS, BitPos(LCD_RS+0)
;__Lib_Lcd.c,95 :: 		
0x0258	0x1387      	BCF        LCD_D7, BitPos(LCD_D7+0)
;__Lib_Lcd.c,96 :: 		
0x0259	0x1307      	BCF        LCD_D6, BitPos(LCD_D6+0)
;__Lib_Lcd.c,97 :: 		
0x025A	0x1287      	BCF        LCD_D5, BitPos(LCD_D5+0)
;__Lib_Lcd.c,98 :: 		
0x025B	0x1207      	BCF        LCD_D4, BitPos(LCD_D4+0)
;__Lib_Lcd.c,100 :: 		
0x025C	0x2038      	CALL       _Delay_5500us
;__Lib_Lcd.c,101 :: 		
0x025D	0x2038      	CALL       _Delay_5500us
;__Lib_Lcd.c,102 :: 		
0x025E	0x2038      	CALL       _Delay_5500us
;__Lib_Lcd.c,105 :: 		
0x025F	0x1687      	BSF        LCD_D5, BitPos(LCD_D5+0)
;__Lib_Lcd.c,106 :: 		
0x0260	0x1607      	BSF        LCD_D4, BitPos(LCD_D4+0)
;__Lib_Lcd.c,107 :: 		
0x0261	0x1587      	BSF        LCD_EN, BitPos(LCD_EN+0)
;__Lib_Lcd.c,108 :: 		
0x0262	0x2032      	CALL       _Delay_1us
;__Lib_Lcd.c,109 :: 		
0x0263	0x1187      	BCF        LCD_EN, BitPos(LCD_EN+0)
;__Lib_Lcd.c,110 :: 		
0x0264	0x2038      	CALL       _Delay_5500us
;__Lib_Lcd.c,112 :: 		
0x0265	0x1587      	BSF        LCD_EN, BitPos(LCD_EN+0)
;__Lib_Lcd.c,113 :: 		
0x0266	0x2032      	CALL       _Delay_1us
;__Lib_Lcd.c,114 :: 		
0x0267	0x1187      	BCF        LCD_EN, BitPos(LCD_EN+0)
;__Lib_Lcd.c,115 :: 		
0x0268	0x2038      	CALL       _Delay_5500us
;__Lib_Lcd.c,117 :: 		
0x0269	0x1587      	BSF        LCD_EN, BitPos(LCD_EN+0)
;__Lib_Lcd.c,118 :: 		
0x026A	0x2032      	CALL       _Delay_1us
;__Lib_Lcd.c,119 :: 		
0x026B	0x1187      	BCF        LCD_EN, BitPos(LCD_EN+0)
;__Lib_Lcd.c,120 :: 		
0x026C	0x2038      	CALL       _Delay_5500us
;__Lib_Lcd.c,123 :: 		
0x026D	0x1207      	BCF        LCD_D4, BitPos(LCD_D4+0)
;__Lib_Lcd.c,124 :: 		
0x026E	0x1587      	BSF        LCD_EN, BitPos(LCD_EN+0)
;__Lib_Lcd.c,125 :: 		
0x026F	0x2032      	CALL       _Delay_1us
;__Lib_Lcd.c,126 :: 		
0x0270	0x1187      	BCF        LCD_EN, BitPos(LCD_EN+0)
;__Lib_Lcd.c,127 :: 		
0x0271	0x2038      	CALL       _Delay_5500us
;__Lib_Lcd.c,130 :: 		
0x0272	0x1587      	BSF        LCD_EN, BitPos(LCD_EN+0)
;__Lib_Lcd.c,131 :: 		
0x0273	0x2032      	CALL       _Delay_1us
;__Lib_Lcd.c,132 :: 		
0x0274	0x1187      	BCF        LCD_EN, BitPos(LCD_EN+0)
;__Lib_Lcd.c,134 :: 		
0x0275	0x1287      	BCF        LCD_D5, BitPos(LCD_D5+0)
;__Lib_Lcd.c,135 :: 		
0x0276	0x1787      	BSF        LCD_D7, BitPos(LCD_D7+0)
;__Lib_Lcd.c,136 :: 		
0x0277	0x1587      	BSF        LCD_EN, BitPos(LCD_EN+0)
;__Lib_Lcd.c,137 :: 		
0x0278	0x2032      	CALL       _Delay_1us
;__Lib_Lcd.c,138 :: 		
0x0279	0x1187      	BCF        LCD_EN, BitPos(LCD_EN+0)
;__Lib_Lcd.c,139 :: 		
0x027A	0x2038      	CALL       _Delay_5500us
;__Lib_Lcd.c,142 :: 		
0x027B	0x1387      	BCF        LCD_D7, BitPos(LCD_D7+0)
;__Lib_Lcd.c,143 :: 		
0x027C	0x1607      	BSF        LCD_D4, BitPos(LCD_D4+0)
;__Lib_Lcd.c,144 :: 		
0x027D	0x1587      	BSF        LCD_EN, BitPos(LCD_EN+0)
;__Lib_Lcd.c,145 :: 		
0x027E	0x2032      	CALL       _Delay_1us
;__Lib_Lcd.c,146 :: 		
0x027F	0x1187      	BCF        LCD_EN, BitPos(LCD_EN+0)
;__Lib_Lcd.c,148 :: 		
0x0280	0x1207      	BCF        LCD_D4, BitPos(LCD_D4+0)
;__Lib_Lcd.c,149 :: 		
0x0281	0x1587      	BSF        LCD_EN, BitPos(LCD_EN+0)
;__Lib_Lcd.c,150 :: 		
0x0282	0x2032      	CALL       _Delay_1us
;__Lib_Lcd.c,151 :: 		
0x0283	0x1187      	BCF        LCD_EN, BitPos(LCD_EN+0)
;__Lib_Lcd.c,152 :: 		
0x0284	0x2038      	CALL       _Delay_5500us
;__Lib_Lcd.c,155 :: 		
0x0285	0x1587      	BSF        LCD_EN, BitPos(LCD_EN+0)
;__Lib_Lcd.c,156 :: 		
0x0286	0x2032      	CALL       _Delay_1us
;__Lib_Lcd.c,157 :: 		
0x0287	0x1187      	BCF        LCD_EN, BitPos(LCD_EN+0)
;__Lib_Lcd.c,159 :: 		
0x0288	0x1607      	BSF        LCD_D4, BitPos(LCD_D4+0)
;__Lib_Lcd.c,160 :: 		
0x0289	0x1587      	BSF        LCD_EN, BitPos(LCD_EN+0)
;__Lib_Lcd.c,161 :: 		
0x028A	0x2032      	CALL       _Delay_1us
;__Lib_Lcd.c,162 :: 		
0x028B	0x1187      	BCF        LCD_EN, BitPos(LCD_EN+0)
;__Lib_Lcd.c,163 :: 		
0x028C	0x2038      	CALL       _Delay_5500us
;__Lib_Lcd.c,166 :: 		
0x028D	0x1207      	BCF        LCD_D4, BitPos(LCD_D4+0)
;__Lib_Lcd.c,167 :: 		
0x028E	0x1587      	BSF        LCD_EN, BitPos(LCD_EN+0)
;__Lib_Lcd.c,168 :: 		
0x028F	0x2032      	CALL       _Delay_1us
;__Lib_Lcd.c,169 :: 		
0x0290	0x1187      	BCF        LCD_EN, BitPos(LCD_EN+0)
;__Lib_Lcd.c,171 :: 		
0x0291	0x1787      	BSF        LCD_D7, BitPos(LCD_D7+0)
;__Lib_Lcd.c,172 :: 		
0x0292	0x1707      	BSF        LCD_D6, BitPos(LCD_D6+0)
;__Lib_Lcd.c,173 :: 		
0x0293	0x1687      	BSF        LCD_D5, BitPos(LCD_D5+0)
;__Lib_Lcd.c,174 :: 		
0x0294	0x1607      	BSF        LCD_D4, BitPos(LCD_D4+0)
;__Lib_Lcd.c,175 :: 		
0x0295	0x1587      	BSF        LCD_EN, BitPos(LCD_EN+0)
;__Lib_Lcd.c,176 :: 		
0x0296	0x2032      	CALL       _Delay_1us
;__Lib_Lcd.c,177 :: 		
0x0297	0x1187      	BCF        LCD_EN, BitPos(LCD_EN+0)
;__Lib_Lcd.c,179 :: 		
0x0298	0x2038      	CALL       _Delay_5500us
;__Lib_Lcd.c,181 :: 		
0x0299	0x1683      	BSF        STATUS, 5
0x029A	0x1454      	BSF        __Lib_Lcd_cmd_status, BitPos(__Lib_Lcd_cmd_status+0)
;__Lib_Lcd.c,182 :: 		
L_end_Lcd_Init:
0x029B	0x0008      	RETURN
; end of _Lcd_Init
_ADC_Init:
;__Lib_ADC_A_C.c,19 :: 		
;__Lib_ADC_A_C.c,20 :: 		
0x029C	0x30FF      	MOVLW      _ADC_Get_Sample
0x029D	0x1683      	BSF        STATUS, 5
0x029E	0x1303      	BCF        STATUS, 6
0x029F	0x00D5      	MOVWF      _ADC_Get_Sample_Ptr
0x02A0	0x30FF      	MOVLW      hi_addr(_ADC_Get_Sample)
0x02A1	0x00D6      	MOVWF      _ADC_Get_Sample_Ptr+1
0x02A2	0x30FF      	MOVLW      FARG_ADC_Get_Sample_channel
0x02A3	0x00D7      	MOVWF      _ADC_Get_Sample_Ptr+2
0x02A4	0x30FF      	MOVLW      hi_addr(FARG_ADC_Get_Sample_channel)
;__Lib_ADC_A_C.c,22 :: 		
0x02A5	0x1283      	BCF        STATUS, 5
0x02A6	0x019F      	CLRF       ADCON0
;__Lib_ADC_A_C.c,23 :: 		
0x02A7	0x30C0      	MOVLW      192
0x02A8	0x049F      	IORWF      ADCON0, 1
;__Lib_ADC_A_C.c,24 :: 		
0x02A9	0x0947      	COMF       _vref_mask, 0
0x02AA	0x00F0      	MOVWF      R0
0x02AB	0x0870      	MOVF       R0, 0
0x02AC	0x1683      	BSF        STATUS, 5
0x02AD	0x059F      	ANDWF      ADCON1, 1
;__Lib_ADC_A_C.c,25 :: 		
0x02AE	0x171F      	BSF        ADCON1, 6
;__Lib_ADC_A_C.c,26 :: 		
0x02AF	0x179F      	BSF        ADCON1, 7
;__Lib_ADC_A_C.c,29 :: 		
0x02B0	0x1283      	BCF        STATUS, 5
0x02B1	0x141F      	BSF        ADCON0, 0
;__Lib_ADC_A_C.c,30 :: 		
L_end_ADC_Init:
0x02B2	0x0008      	RETURN
; end of _ADC_Init
___CC2DW:
;__Lib_System.c,134 :: 		
;__Lib_System.c,137 :: 		
_CC2D_Loop1:
;__Lib_System.c,139 :: 		
0x02B3	0x20CD      	CALL       _____DoICP
0x02B4	0x118A      	BCF        PCLATH, 3
0x02B5	0x120A      	BCF        PCLATH, 4
;__Lib_System.c,141 :: 		
0x02B6	0x0080      	MOVWF      INDF
;__Lib_System.c,142 :: 		
0x02B7	0x0A84      	INCF       FSR, 1
;__Lib_System.c,143 :: 		
0x02B8	0x0AEC      	INCF       ___DoICPAddr, 1
;__Lib_System.c,145 :: 		
0x02B9	0x1903      	BTFSC      STATUS, 2
;__Lib_System.c,146 :: 		
0x02BA	0x0AED      	INCF       ___DoICPAddr+1, 1
;__Lib_System.c,147 :: 		
0x02BB	0x03F0      	DECF       R0, 1
;__Lib_System.c,149 :: 		
0x02BC	0x1D03      	BTFSS      STATUS, 2
;__Lib_System.c,150 :: 		
0x02BD	0x2AB3      	GOTO       _CC2D_Loop1
;__Lib_System.c,152 :: 		
L_end___CC2DW:
0x02BE	0x0008      	RETURN
; end of ___CC2DW
_main:
0x02BF	0x240E      	CALL       1038
;projet.c,34 :: 		void main() {
;projet.c,35 :: 		ADC_init();
0x02C0	0x229C      	CALL       _ADC_Init
;projet.c,36 :: 		TRISB=255;
0x02C1	0x30FF      	MOVLW      255
0x02C2	0x1683      	BSF        STATUS, 5
0x02C3	0x0086      	MOVWF      TRISB
;projet.c,37 :: 		TRISD=0;
0x02C4	0x0188      	CLRF       TRISD
;projet.c,38 :: 		INTCON.GIE = 1;  //(Activer les interruptions)
0x02C5	0x178B      	BSF        INTCON, 7
;projet.c,39 :: 		INTCON.RBIE = 1; //(Activer les interruptions RB4-->RB7)
0x02C6	0x158B      	BSF        INTCON, 3
;projet.c,40 :: 		INTCON.INTE= 1; //(Activer les interruption RB0)
0x02C7	0x160B      	BSF        INTCON, 4
;projet.c,41 :: 		OPTION_REG.INTEDG= 1 ;
0x02C8	0x1701      	BSF        OPTION_REG, 6
;projet.c,42 :: 		desactiver=0;
0x02C9	0x1283      	BCF        STATUS, 5
0x02CA	0x01EA      	CLRF       _desactiver
0x02CB	0x01EB      	CLRF       _desactiver+1
;projet.c,43 :: 		pluie=0;
0x02CC	0x01E8      	CLRF       _pluie
0x02CD	0x01E9      	CLRF       _pluie+1
;projet.c,44 :: 		activer=0;
0x02CE	0x01EE      	CLRF       _activer
0x02CF	0x01EF      	CLRF       _activer+1
;projet.c,45 :: 		PORTD.RD5 = 0;
0x02D0	0x1288      	BCF        PORTD, 5
;projet.c,48 :: 		Lcd_Init();
0x02D1	0x224D      	CALL       _Lcd_Init
;projet.c,49 :: 		Lcd_cmd(_LCD_CLEAR);
0x02D2	0x3001      	MOVLW      1
0x02D3	0x00E3      	MOVWF      FARG_Lcd_Cmd_out_char
0x02D4	0x2063      	CALL       _Lcd_Cmd
;projet.c,51 :: 		Lcd_out(2,3,"SMART GARDEN");
0x02D5	0x3002      	MOVLW      2
0x02D6	0x1683      	BSF        STATUS, 5
0x02D7	0x00DE      	MOVWF      FARG_Lcd_Out_row
0x02D8	0x3003      	MOVLW      3
0x02D9	0x00DF      	MOVWF      FARG_Lcd_Out_column
0x02DA	0x3025      	MOVLW      ?lstr1_projet
0x02DB	0x00E0      	MOVWF      FARG_Lcd_Out_text
0x02DC	0x21CE      	CALL       _Lcd_Out
;projet.c,52 :: 		Adc_Init();
0x02DD	0x229C      	CALL       _ADC_Init
;projet.c,54 :: 		while(1)
L_main0:
;projet.c,56 :: 		adcValue = ADC_Read(0);
0x02DE	0x1683      	BSF        STATUS, 5
0x02DF	0x01DE      	CLRF       FARG_ADC_Read_channel
0x02E0	0x2225      	CALL       _ADC_Read
0x02E1	0x220F      	CALL       _word2double
0x02E2	0x0870      	MOVF       R0, 0
0x02E3	0x00A1      	MOVWF      _adcValue
0x02E4	0x0871      	MOVF       R0+1, 0
0x02E5	0x00A2      	MOVWF      _adcValue+1
0x02E6	0x0872      	MOVF       R0+2, 0
0x02E7	0x00A3      	MOVWF      _adcValue+2
0x02E8	0x0873      	MOVF       R0+3, 0
0x02E9	0x00A4      	MOVWF      _adcValue+3
;projet.c,57 :: 		realvalue=adcValue/(10.2);
0x02EA	0x3033      	MOVLW      51
0x02EB	0x00F4      	MOVWF      R4
0x02EC	0x3033      	MOVLW      51
0x02ED	0x00F5      	MOVWF      R4+1
0x02EE	0x3023      	MOVLW      35
0x02EF	0x00F6      	MOVWF      R4+2
0x02F0	0x3082      	MOVLW      130
0x02F1	0x00F7      	MOVWF      R4+3
0x02F2	0x2117      	CALL       _Div_32x32_FP
0x02F3	0x0870      	MOVF       R0, 0
0x02F4	0x1683      	BSF        STATUS, 5
0x02F5	0x00D8      	MOVWF      _realvalue
0x02F6	0x0871      	MOVF       R0+1, 0
0x02F7	0x00D9      	MOVWF      _realvalue+1
0x02F8	0x0872      	MOVF       R0+2, 0
0x02F9	0x00DA      	MOVWF      _realvalue+2
0x02FA	0x0873      	MOVF       R0+3, 0
0x02FB	0x00DB      	MOVWF      _realvalue+3
;projet.c,60 :: 		if(activer==1){
0x02FC	0x3000      	MOVLW      0
0x02FD	0x1283      	BCF        STATUS, 5
0x02FE	0x066F      	XORWF      _activer+1, 0
0x02FF	0x1D03      	BTFSS      STATUS, 2
0x0300	0x2B03      	GOTO       L__main25
0x0301	0x3001      	MOVLW      1
0x0302	0x066E      	XORWF      _activer, 0
L__main25:
0x0303	0x1D03      	BTFSS      STATUS, 2
0x0304	0x2B14      	GOTO       L_main2
;projet.c,61 :: 		Lcd_cmd(_LCD_CLEAR);
0x0305	0x3001      	MOVLW      1
0x0306	0x1683      	BSF        STATUS, 5
0x0307	0x00E3      	MOVWF      FARG_Lcd_Cmd_out_char
0x0308	0x2063      	CALL       _Lcd_Cmd
;projet.c,62 :: 		Lcd_out(2,1,"Arrosage Gazon");
0x0309	0x3002      	MOVLW      2
0x030A	0x1683      	BSF        STATUS, 5
0x030B	0x00DE      	MOVWF      FARG_Lcd_Out_row
0x030C	0x3001      	MOVLW      1
0x030D	0x00DF      	MOVWF      FARG_Lcd_Out_column
0x030E	0x30A0      	MOVLW      ?lstr2_projet
0x030F	0x00E0      	MOVWF      FARG_Lcd_Out_text
0x0310	0x21CE      	CALL       _Lcd_Out
;projet.c,63 :: 		activer=0;
0x0311	0x1283      	BCF        STATUS, 5
0x0312	0x01EE      	CLRF       _activer
0x0313	0x01EF      	CLRF       _activer+1
;projet.c,64 :: 		}
L_main2:
;projet.c,65 :: 		if(desactiver==1){
0x0314	0x3000      	MOVLW      0
0x0315	0x066B      	XORWF      _desactiver+1, 0
0x0316	0x1D03      	BTFSS      STATUS, 2
0x0317	0x2B1A      	GOTO       L__main26
0x0318	0x3001      	MOVLW      1
0x0319	0x066A      	XORWF      _desactiver, 0
L__main26:
0x031A	0x1D03      	BTFSS      STATUS, 2
0x031B	0x2B2B      	GOTO       L_main3
;projet.c,66 :: 		Lcd_cmd(_LCD_CLEAR);
0x031C	0x3001      	MOVLW      1
0x031D	0x1683      	BSF        STATUS, 5
0x031E	0x00E3      	MOVWF      FARG_Lcd_Cmd_out_char
0x031F	0x2063      	CALL       _Lcd_Cmd
;projet.c,67 :: 		Lcd_out(2,1,"Fin Arrosage Gazon");
0x0320	0x3002      	MOVLW      2
0x0321	0x1683      	BSF        STATUS, 5
0x0322	0x00DE      	MOVWF      FARG_Lcd_Out_row
0x0323	0x3001      	MOVLW      1
0x0324	0x00DF      	MOVWF      FARG_Lcd_Out_column
0x0325	0x3055      	MOVLW      ?lstr3_projet
0x0326	0x00E0      	MOVWF      FARG_Lcd_Out_text
0x0327	0x21CE      	CALL       _Lcd_Out
;projet.c,68 :: 		desactiver=0;
0x0328	0x1283      	BCF        STATUS, 5
0x0329	0x01EA      	CLRF       _desactiver
0x032A	0x01EB      	CLRF       _desactiver+1
;projet.c,69 :: 		}
L_main3:
;projet.c,70 :: 		if(pluie==1){
0x032B	0x3000      	MOVLW      0
0x032C	0x0669      	XORWF      _pluie+1, 0
0x032D	0x1D03      	BTFSS      STATUS, 2
0x032E	0x2B31      	GOTO       L__main27
0x032F	0x3001      	MOVLW      1
0x0330	0x0668      	XORWF      _pluie, 0
L__main27:
0x0331	0x1D03      	BTFSS      STATUS, 2
0x0332	0x2B5B      	GOTO       L_main4
;projet.c,71 :: 		Lcd_cmd(_LCD_CLEAR);
0x0333	0x3001      	MOVLW      1
0x0334	0x1683      	BSF        STATUS, 5
0x0335	0x00E3      	MOVWF      FARG_Lcd_Cmd_out_char
0x0336	0x2063      	CALL       _Lcd_Cmd
;projet.c,72 :: 		Lcd_out(2,1,"Pluie !!");
0x0337	0x3002      	MOVLW      2
0x0338	0x1683      	BSF        STATUS, 5
0x0339	0x00DE      	MOVWF      FARG_Lcd_Out_row
0x033A	0x3001      	MOVLW      1
0x033B	0x00DF      	MOVWF      FARG_Lcd_Out_column
0x033C	0x30CB      	MOVLW      ?lstr4_projet
0x033D	0x00E0      	MOVWF      FARG_Lcd_Out_text
0x033E	0x21CE      	CALL       _Lcd_Out
;projet.c,73 :: 		pluie=0;
0x033F	0x1283      	BCF        STATUS, 5
0x0340	0x01E8      	CLRF       _pluie
0x0341	0x01E9      	CLRF       _pluie+1
;projet.c,74 :: 		delay_ms(500);
0x0342	0x300D      	MOVLW      13
0x0343	0x00FB      	MOVWF      R11
0x0344	0x30AF      	MOVLW      175
0x0345	0x00FC      	MOVWF      R12
0x0346	0x30B6      	MOVLW      182
0x0347	0x00FD      	MOVWF      R13
L_main5:
0x0348	0x0BFD      	DECFSZ     R13, 1
0x0349	0x2B48      	GOTO       L_main5
0x034A	0x0BFC      	DECFSZ     R12, 1
0x034B	0x2B48      	GOTO       L_main5
0x034C	0x0BFB      	DECFSZ     R11, 1
0x034D	0x2B48      	GOTO       L_main5
0x034E	0x0000      	NOP
;projet.c,75 :: 		Lcd_cmd(_LCD_CLEAR);
0x034F	0x3001      	MOVLW      1
0x0350	0x1683      	BSF        STATUS, 5
0x0351	0x00E3      	MOVWF      FARG_Lcd_Cmd_out_char
0x0352	0x2063      	CALL       _Lcd_Cmd
;projet.c,76 :: 		Lcd_out(2,1,"Smart Garden");
0x0353	0x3002      	MOVLW      2
0x0354	0x1683      	BSF        STATUS, 5
0x0355	0x00DE      	MOVWF      FARG_Lcd_Out_row
0x0356	0x3001      	MOVLW      1
0x0357	0x00DF      	MOVWF      FARG_Lcd_Out_column
0x0358	0x30BE      	MOVLW      ?lstr5_projet
0x0359	0x00E0      	MOVWF      FARG_Lcd_Out_text
0x035A	0x21CE      	CALL       _Lcd_Out
;projet.c,77 :: 		}
L_main4:
;projet.c,78 :: 		}
0x035B	0x2ADE      	GOTO       L_main0
;projet.c,84 :: 		delay_ms(1000);
L_main9:
0x035C	0x0BFD      	DECFSZ     R13, 1
0x035D	0x2B5C      	GOTO       L_main9
0x035E	0x0BFC      	DECFSZ     R12, 1
0x035F	0x2B5C      	GOTO       L_main9
0x0360	0x0BFB      	DECFSZ     R11, 1
0x0361	0x2B5C      	GOTO       L_main9
0x0362	0x0000      	NOP
;projet.c,85 :: 		}else if(realvalue>50){
0x0363	0x2B8C      	GOTO       L_main10
;projet.c,90 :: 		delay_ms(1000);
L_main12:
0x0364	0x1683      	BSF        STATUS, 5
0x0365	0x0BFD      	DECFSZ     R13, 1
0x0366	0x2B64      	GOTO       L_main12
0x0367	0x0BFC      	DECFSZ     R12, 1
0x0368	0x2B64      	GOTO       L_main12
0x0369	0x0BFB      	DECFSZ     R11, 1
0x036A	0x2B64      	GOTO       L_main12
0x036B	0x0000      	NOP
;projet.c,91 :: 		Lcd_cmd(_LCD_CLEAR);
0x036C	0x3001      	MOVLW      1
0x036D	0x00E3      	MOVWF      FARG_Lcd_Cmd_out_char
0x036E	0x2063      	CALL       _Lcd_Cmd
;projet.c,92 :: 		Lcd_out(2,1,"Smart Garden");
0x036F	0x3002      	MOVLW      2
0x0370	0x1683      	BSF        STATUS, 5
0x0371	0x00DE      	MOVWF      FARG_Lcd_Out_row
0x0372	0x3001      	MOVLW      1
0x0373	0x00DF      	MOVWF      FARG_Lcd_Out_column
0x0374	0x303A      	MOVLW      ?lstr8_projet
0x0375	0x00E0      	MOVWF      FARG_Lcd_Out_text
0x0376	0x21CE      	CALL       _Lcd_Out
;projet.c,93 :: 		delay_ms(1000);
0x0377	0x301A      	MOVLW      26
0x0378	0x00FB      	MOVWF      R11
0x0379	0x305E      	MOVLW      94
0x037A	0x00FC      	MOVWF      R12
0x037B	0x306E      	MOVLW      110
0x037C	0x00FD      	MOVWF      R13
L_main13:
0x037D	0x0BFD      	DECFSZ     R13, 1
0x037E	0x2B7D      	GOTO       L_main13
0x037F	0x0BFC      	DECFSZ     R12, 1
0x0380	0x2B7D      	GOTO       L_main13
0x0381	0x0BFB      	DECFSZ     R11, 1
0x0382	0x2B7D      	GOTO       L_main13
0x0383	0x0000      	NOP
;projet.c,95 :: 		}
0x0384	0x2B8C      	GOTO       L_main14
;projet.c,103 :: 		delay_ms(1000);
L_main16:
0x0385	0x0BFD      	DECFSZ     R13, 1
0x0386	0x2B85      	GOTO       L_main16
0x0387	0x0BFC      	DECFSZ     R12, 1
0x0388	0x2B85      	GOTO       L_main16
0x0389	0x0BFB      	DECFSZ     R11, 1
0x038A	0x2B85      	GOTO       L_main16
0x038B	0x0000      	NOP
;projet.c,104 :: 		}
L_main14:
L_main10:
;projet.c,105 :: 		}
L_end_main:
0x038C	0x2B8C      	GOTO       $+0
; end of _main
0x040E	0x3021      	MOVLW      33
0x040F	0x0084      	MOVWF      FSR
0x0410	0x3047      	MOVLW      71
0x0411	0x1283      	BCF        STATUS, 5
0x0412	0x1303      	BCF        STATUS, 6
0x0413	0x00F0      	MOVWF      R0
0x0414	0x3092      	MOVLW      146
0x0415	0x00EC      	MOVWF      ___DoICPAddr
0x0416	0x3003      	MOVLW      3
0x0417	0x00ED      	MOVWF      109
0x0418	0x22B3      	CALL       691
0x0419	0x30A0      	MOVLW      160
0x041A	0x0084      	MOVWF      FSR
0x041B	0x3034      	MOVLW      52
0x041C	0x1283      	BCF        STATUS, 5
0x041D	0x1303      	BCF        STATUS, 6
0x041E	0x00F0      	MOVWF      R0
0x041F	0x30D9      	MOVLW      217
0x0420	0x00EC      	MOVWF      ___DoICPAddr
0x0421	0x3003      	MOVLW      3
0x0422	0x00ED      	MOVWF      109
0x0423	0x22B3      	CALL       691
0x0424	0x0008      	RETURN
;projet.c,0 :: ?ICS_adcValue
0x0392	0x3400 ;?ICS_adcValue+0
0x0393	0x3400 ;?ICS_adcValue+1
0x0394	0x3400 ;?ICS_adcValue+2
0x0395	0x3400 ;?ICS_adcValue+3
; end of ?ICS_adcValue
;projet.c,0 :: ?ICS?lstr1_projet
0x0396	0x3453 ;?ICS?lstr1_projet+0
0x0397	0x344D ;?ICS?lstr1_projet+1
0x0398	0x3441 ;?ICS?lstr1_projet+2
0x0399	0x3452 ;?ICS?lstr1_projet+3
0x039A	0x3454 ;?ICS?lstr1_projet+4
0x039B	0x3420 ;?ICS?lstr1_projet+5
0x039C	0x3447 ;?ICS?lstr1_projet+6
0x039D	0x3441 ;?ICS?lstr1_projet+7
0x039E	0x3452 ;?ICS?lstr1_projet+8
0x039F	0x3444 ;?ICS?lstr1_projet+9
0x03A0	0x3445 ;?ICS?lstr1_projet+10
0x03A1	0x344E ;?ICS?lstr1_projet+11
0x03A2	0x3400 ;?ICS?lstr1_projet+12
; end of ?ICS?lstr1_projet
;projet.c,0 :: ?ICS_nb_panne
0x03A3	0x3400 ;?ICS_nb_panne+0
0x03A4	0x3400 ;?ICS_nb_panne+1
; end of ?ICS_nb_panne
;projet.c,0 :: ?ICS?lstr9_projet
0x03A5	0x3450 ;?ICS?lstr9_projet+0
0x03A6	0x3461 ;?ICS?lstr9_projet+1
0x03A7	0x346E ;?ICS?lstr9_projet+2
0x03A8	0x346E ;?ICS?lstr9_projet+3
0x03A9	0x3465 ;?ICS?lstr9_projet+4
0x03AA	0x3400 ;?ICS?lstr9_projet+5
; end of ?ICS?lstr9_projet
;projet.c,0 :: ?ICS?lstr8_projet
0x03AB	0x3453 ;?ICS?lstr8_projet+0
0x03AC	0x346D ;?ICS?lstr8_projet+1
0x03AD	0x3461 ;?ICS?lstr8_projet+2
0x03AE	0x3472 ;?ICS?lstr8_projet+3
0x03AF	0x3474 ;?ICS?lstr8_projet+4
0x03B0	0x3420 ;?ICS?lstr8_projet+5
0x03B1	0x3447 ;?ICS?lstr8_projet+6
0x03B2	0x3461 ;?ICS?lstr8_projet+7
0x03B3	0x3472 ;?ICS?lstr8_projet+8
0x03B4	0x3464 ;?ICS?lstr8_projet+9
0x03B5	0x3465 ;?ICS?lstr8_projet+10
0x03B6	0x346E ;?ICS?lstr8_projet+11
0x03B7	0x3400 ;?ICS?lstr8_projet+12
; end of ?ICS?lstr8_projet
;__Lib_ADC_A_C.c,0 :: ?ICS_vref_mask
0x03B8	0x340F ;?ICS_vref_mask+0
; end of ?ICS_vref_mask
;projet.c,0 :: ?ICS?lstr7_projet
0x03B9	0x3446 ;?ICS?lstr7_projet+0
0x03BA	0x3469 ;?ICS?lstr7_projet+1
0x03BB	0x346E ;?ICS?lstr7_projet+2
0x03BC	0x3420 ;?ICS?lstr7_projet+3
0x03BD	0x3441 ;?ICS?lstr7_projet+4
0x03BE	0x3472 ;?ICS?lstr7_projet+5
0x03BF	0x3472 ;?ICS?lstr7_projet+6
0x03C0	0x346F ;?ICS?lstr7_projet+7
0x03C1	0x3473 ;?ICS?lstr7_projet+8
0x03C2	0x3461 ;?ICS?lstr7_projet+9
0x03C3	0x3467 ;?ICS?lstr7_projet+10
0x03C4	0x3465 ;?ICS?lstr7_projet+11
0x03C5	0x3400 ;?ICS?lstr7_projet+12
; end of ?ICS?lstr7_projet
;projet.c,0 :: ?ICS?lstr3_projet
0x03C6	0x3446 ;?ICS?lstr3_projet+0
0x03C7	0x3469 ;?ICS?lstr3_projet+1
0x03C8	0x346E ;?ICS?lstr3_projet+2
0x03C9	0x3420 ;?ICS?lstr3_projet+3
0x03CA	0x3441 ;?ICS?lstr3_projet+4
0x03CB	0x3472 ;?ICS?lstr3_projet+5
0x03CC	0x3472 ;?ICS?lstr3_projet+6
0x03CD	0x346F ;?ICS?lstr3_projet+7
0x03CE	0x3473 ;?ICS?lstr3_projet+8
0x03CF	0x3461 ;?ICS?lstr3_projet+9
0x03D0	0x3467 ;?ICS?lstr3_projet+10
0x03D1	0x3465 ;?ICS?lstr3_projet+11
0x03D2	0x3420 ;?ICS?lstr3_projet+12
0x03D3	0x3447 ;?ICS?lstr3_projet+13
0x03D4	0x3461 ;?ICS?lstr3_projet+14
0x03D5	0x347A ;?ICS?lstr3_projet+15
0x03D6	0x346F ;?ICS?lstr3_projet+16
0x03D7	0x346E ;?ICS?lstr3_projet+17
0x03D8	0x3400 ;?ICS?lstr3_projet+18
; end of ?ICS?lstr3_projet
;projet.c,0 :: ?ICS?lstr2_projet
0x03D9	0x3441 ;?ICS?lstr2_projet+0
0x03DA	0x3472 ;?ICS?lstr2_projet+1
0x03DB	0x3472 ;?ICS?lstr2_projet+2
0x03DC	0x346F ;?ICS?lstr2_projet+3
0x03DD	0x3473 ;?ICS?lstr2_projet+4
0x03DE	0x3461 ;?ICS?lstr2_projet+5
0x03DF	0x3467 ;?ICS?lstr2_projet+6
0x03E0	0x3465 ;?ICS?lstr2_projet+7
0x03E1	0x3420 ;?ICS?lstr2_projet+8
0x03E2	0x3447 ;?ICS?lstr2_projet+9
0x03E3	0x3461 ;?ICS?lstr2_projet+10
0x03E4	0x347A ;?ICS?lstr2_projet+11
0x03E5	0x346F ;?ICS?lstr2_projet+12
0x03E6	0x346E ;?ICS?lstr2_projet+13
0x03E7	0x3400 ;?ICS?lstr2_projet+14
; end of ?ICS?lstr2_projet
;projet.c,0 :: ?ICS?lstr6_projet
0x03E8	0x3441 ;?ICS?lstr6_projet+0
0x03E9	0x3472 ;?ICS?lstr6_projet+1
0x03EA	0x3472 ;?ICS?lstr6_projet+2
0x03EB	0x346F ;?ICS?lstr6_projet+3
0x03EC	0x3473 ;?ICS?lstr6_projet+4
0x03ED	0x3461 ;?ICS?lstr6_projet+5
0x03EE	0x3467 ;?ICS?lstr6_projet+6
0x03EF	0x3465 ;?ICS?lstr6_projet+7
0x03F0	0x3420 ;?ICS?lstr6_projet+8
0x03F1	0x3447 ;?ICS?lstr6_projet+9
0x03F2	0x3461 ;?ICS?lstr6_projet+10
0x03F3	0x347A ;?ICS?lstr6_projet+11
0x03F4	0x346F ;?ICS?lstr6_projet+12
0x03F5	0x346E ;?ICS?lstr6_projet+13
0x03F6	0x3400 ;?ICS?lstr6_projet+14
; end of ?ICS?lstr6_projet
;projet.c,0 :: ?ICS?lstr5_projet
0x03F7	0x3453 ;?ICS?lstr5_projet+0
0x03F8	0x346D ;?ICS?lstr5_projet+1
0x03F9	0x3461 ;?ICS?lstr5_projet+2
0x03FA	0x3472 ;?ICS?lstr5_projet+3
0x03FB	0x3474 ;?ICS?lstr5_projet+4
0x03FC	0x3420 ;?ICS?lstr5_projet+5
0x03FD	0x3447 ;?ICS?lstr5_projet+6
0x03FE	0x3461 ;?ICS?lstr5_projet+7
0x03FF	0x3472 ;?ICS?lstr5_projet+8
0x0400	0x3464 ;?ICS?lstr5_projet+9
0x0401	0x3465 ;?ICS?lstr5_projet+10
0x0402	0x346E ;?ICS?lstr5_projet+11
0x0403	0x3400 ;?ICS?lstr5_projet+12
; end of ?ICS?lstr5_projet
;projet.c,0 :: ?ICS?lstr4_projet
0x0404	0x3450 ;?ICS?lstr4_projet+0
0x0405	0x346C ;?ICS?lstr4_projet+1
0x0406	0x3475 ;?ICS?lstr4_projet+2
0x0407	0x3469 ;?ICS?lstr4_projet+3
0x0408	0x3465 ;?ICS?lstr4_projet+4
0x0409	0x3420 ;?ICS?lstr4_projet+5
0x040A	0x3421 ;?ICS?lstr4_projet+6
0x040B	0x3421 ;?ICS?lstr4_projet+7
0x040C	0x3400 ;?ICS?lstr4_projet+8
; end of ?ICS?lstr4_projet
Symbol List:
//** Routines locations **
//ADDRESS    SIZE    PROCEDURE
//----------------------------------------------
0x0004      [46]    _interrupt
0x0032       [6]    _Delay_1us
0x0038      [13]    _Delay_5500us
0x0045       [7]    _Delay_50us
0x004C       [4]    _FIXSIGN32
0x0050      [12]    _SETFUN32
0x005C       [7]    _RES032
0x0063      [94]    _Lcd_Cmd
0x00C1      [12]    _SETFOV32
0x00CD       [7]    _____DoICP
0x00D4       [3]    _SETFDZ32
0x00D7      [47]    _NRM3232
0x0106       [8]    _Delay_22us
0x010E       [9]    _Lcd_Chr_CP
0x0117     [183]    _Div_32x32_FP
0x01CE      [65]    _Lcd_Out
0x020F      [22]    _word2double
0x0225      [40]    _ADC_Read
0x024D      [79]    _Lcd_Init
0x029C      [23]    _ADC_Init
0x02B3      [12]    ___CC2DW
0x02BF     [205]    _main
//** Variables locations ** 
//ADDRESS    SIZE    VARIABLE
//----------------------------------------------
0x0000       [1]    INDF
0x0002       [1]    PCL
0x0003       [1]    STATUS
0x0004       [1]    FSR
0x0006       [1]    PORTB
0x0007       [0]    LCD_EN
0x0007       [0]    LCD_RS
0x0007       [0]    LCD_D4
0x0007       [0]    LCD_D7
0x0007       [0]    LCD_D6
0x0007       [0]    LCD_D5
0x0007       [0]    RC6_bit
0x0007       [0]    RC7_bit
0x0007       [0]    RC5_bit
0x0007       [0]    RC2_bit
0x0007       [0]    RC3_bit
0x0007       [0]    RC4_bit
0x0008       [1]    PORTD
0x000A       [1]    PCLATH
0x000B       [1]    INTCON
0x001E       [1]    ADRESH
0x001F       [1]    ADCON0
0x0020       [1]    __math_tempbD
0x0021       [4]    _adcValue
0x0025      [13]    ?lstr1_projet
0x0032       [2]    _nb_panne
0x0034       [6]    ?lstr9_projet
0x003A      [13]    ?lstr8_projet
0x0047       [1]    _vref_mask
0x0048      [13]    ?lstr7_projet
0x0055      [19]    ?lstr3_projet
0x0068       [2]    _pluie
0x006A       [2]    _desactiver
0x006C       [2]    ___DoICPAddr
0x006E       [2]    _activer
0x0070       [1]    R0
0x0071       [1]    R1
0x0072       [1]    R2
0x0073       [1]    R3
0x0074       [1]    R4
0x0075       [1]    R5
0x0076       [1]    R6
0x0077       [1]    R7
0x0078       [1]    R8
0x0079       [1]    R9
0x007A       [1]    R10
0x007B       [1]    R11
0x007C       [1]    R12
0x007D       [1]    R13
0x007E       [1]    R14
0x007F       [1]    R15
0x0081       [1]    OPTION_REG
0x0086       [1]    TRISB
0x0087       [0]    LCD_D4_Direction
0x0087       [0]    LCD_EN_Direction
0x0087       [0]    LCD_RS_Direction
0x0087       [0]    LCD_D7_Direction
0x0087       [0]    LCD_D6_Direction
0x0087       [0]    LCD_D5_Direction
0x0087       [0]    TRISC3_bit
0x0087       [0]    TRISC4_bit
0x0087       [0]    TRISC2_bit
0x0087       [0]    TRISC7_bit
0x0087       [0]    TRISC5_bit
0x0087       [0]    TRISC6_bit
0x0088       [1]    TRISD
0x009E       [1]    ADRESL
0x009F       [1]    ADCON1
0x00A0      [15]    ?lstr2_projet
0x00AF      [15]    ?lstr6_projet
0x00BE      [13]    ?lstr5_projet
0x00CB       [9]    ?lstr4_projet
0x00D4       [0]    __Lib_Lcd_cmd_status
0x00D5       [3]    _ADC_Get_Sample_Ptr
0x00D8       [4]    _realvalue
0x00DC       [1]    ___saveSTATUS
0x00DD       [1]    ___savePCLATH
0x00DE       [1]    FARG_Lcd_Out_row
0x00DE       [1]    FARG_ADC_Read_channel
0x00DF       [1]    FARG_Lcd_Out_column
0x00E0       [1]    FARG_Lcd_Out_text
0x00E1       [1]    Lcd_Out_i_L0
0x00E2       [1]    FARG_Lcd_Chr_CP_out_char
0x00E3       [1]    FARG_Lcd_Cmd_out_char
//** Constants locations ** 
//ADDRESS    SIZE    CONSTANT
//----------------------------------------------
0x0392       [4]    ?ICS_adcValue
0x0396      [13]    ?ICS?lstr1_projet
0x03A3       [2]    ?ICS_nb_panne
0x03A5       [6]    ?ICS?lstr9_projet
0x03AB      [13]    ?ICS?lstr8_projet
0x03B8       [1]    ?ICS_vref_mask
0x03B9      [13]    ?ICS?lstr7_projet
0x03C6      [19]    ?ICS?lstr3_projet
0x03D9      [15]    ?ICS?lstr2_projet
0x03E8      [15]    ?ICS?lstr6_projet
0x03F7      [13]    ?ICS?lstr5_projet
0x0404       [9]    ?ICS?lstr4_projet
